{"/Users/seinoh/Desktop/github/investie/apps/backend/src/app.controller.ts": {"path":"/Users/seinoh/Desktop/github/investie/apps/backend/src/app.controller.ts","statementMap":{"0":{"start":{"line":1,"column":0},"end":{"line":1,"column":49}},"1":{"start":{"line":2,"column":0},"end":{"line":2,"column":43}},"2":{"start":{"line":5,"column":7},"end":{"line":21,"column":null}},"3":{"start":{"line":6,"column":31},"end":{"line":6,"column":43}},"4":{"start":{"line":10,"column":4},"end":{"line":10,"column":38}},"5":{"start":{"line":15,"column":4},"end":{"line":19,"column":6}},"6":{"start":{"line":5,"column":13},"end":{"line":5,"column":26}},"7":{"start":{"line":9,"column":2},"end":{"line":11,"column":null}},"8":{"start":{"line":14,"column":2},"end":{"line":20,"column":null}},"9":{"start":{"line":5,"column":13},"end":{"line":21,"column":null}}},"fnMap":{"0":{"name":"(anonymous_2)","decl":{"start":{"line":6,"column":2},"end":{"line":6,"column":31}},"loc":{"start":{"line":6,"column":53},"end":{"line":6,"column":57}}},"1":{"name":"(anonymous_3)","decl":{"start":{"line":9,"column":2},"end":{"line":9,"column":10}},"loc":{"start":{"line":9,"column":10},"end":{"line":11,"column":3}}},"2":{"name":"(anonymous_4)","decl":{"start":{"line":14,"column":2},"end":{"line":14,"column":11}},"loc":{"start":{"line":14,"column":11},"end":{"line":20,"column":3}}}},"branchMap":{"0":{"loc":{"start":{"line":6,"column":43},"end":{"line":6,"column":56}},"type":"cond-expr","locations":[{"start":{"line":6,"column":53},"end":{"line":6,"column":56}},{"start":{"line":6,"column":53},"end":{"line":6,"column":56}}]},"1":{"loc":{"start":{"line":6,"column":43},"end":{"line":6,"column":53}},"type":"binary-expr","locations":[{"start":{"line":6,"column":43},"end":{"line":6,"column":56}},{"start":{"line":6,"column":43},"end":{"line":6,"column":53}}]}},"s":{"0":1,"1":1,"2":1,"3":1,"4":1,"5":0,"6":1,"7":1,"8":1,"9":1},"f":{"0":1,"1":1,"2":0},"b":{"0":[1,0],"1":[1,1]}}
,"/Users/seinoh/Desktop/github/investie/apps/backend/src/app.module.ts": {"path":"/Users/seinoh/Desktop/github/investie/apps/backend/src/app.module.ts","statementMap":{"0":{"start":{"line":1,"column":0},"end":{"line":1,"column":54}},"1":{"start":{"line":2,"column":0},"end":{"line":2,"column":49}},"2":{"start":{"line":3,"column":0},"end":{"line":3,"column":43}},"3":{"start":{"line":4,"column":0},"end":{"line":4,"column":54}},"4":{"start":{"line":5,"column":0},"end":{"line":5,"column":54}},"5":{"start":{"line":6,"column":0},"end":{"line":6,"column":48}},"6":{"start":{"line":7,"column":0},"end":{"line":7,"column":51}},"7":{"start":{"line":8,"column":0},"end":{"line":8,"column":69}},"8":{"start":{"line":9,"column":0},"end":{"line":9,"column":53}},"9":{"start":{"line":16,"column":7},"end":{"line":29,"column":null}},"10":{"start":{"line":18,"column":12},"end":{"line":18,"column":33}},"11":{"start":{"line":19,"column":12},"end":{"line":19,"column":26}},"12":{"start":{"line":24,"column":4},"end":{"line":24,"column":46}},"13":{"start":{"line":27,"column":4},"end":{"line":27,"column":42}},"14":{"start":{"line":16,"column":13},"end":{"line":16,"column":22}},"15":{"start":{"line":16,"column":13},"end":{"line":29,"column":null}}},"fnMap":{"0":{"name":"(anonymous_2)","decl":{"start":{"line":17,"column":2},"end":{"line":17,"column":null}},"loc":{"start":{"line":19,"column":38},"end":{"line":20,"column":6}}},"1":{"name":"(anonymous_3)","decl":{"start":{"line":22,"column":2},"end":{"line":22,"column":14}},"loc":{"start":{"line":22,"column":14},"end":{"line":28,"column":3}}}},"branchMap":{"0":{"loc":{"start":{"line":18,"column":33},"end":{"line":18,"column":null}},"type":"cond-expr","locations":[{"start":{"line":18,"column":52},"end":{"line":18,"column":null}},{"start":{"line":18,"column":52},"end":{"line":18,"column":null}}]},"1":{"loc":{"start":{"line":18,"column":33},"end":{"line":18,"column":52}},"type":"binary-expr","locations":[{"start":{"line":18,"column":33},"end":{"line":18,"column":null}},{"start":{"line":18,"column":33},"end":{"line":18,"column":52}}]},"2":{"loc":{"start":{"line":18,"column":52},"end":{"line":19,"column":null}},"type":"cond-expr","locations":[{"start":{"line":19,"column":38},"end":{"line":19,"column":null}},{"start":{"line":19,"column":38},"end":{"line":19,"column":null}}]},"3":{"loc":{"start":{"line":18,"column":52},"end":{"line":19,"column":38}},"type":"binary-expr","locations":[{"start":{"line":18,"column":52},"end":{"line":19,"column":null}},{"start":{"line":19,"column":26},"end":{"line":19,"column":38}}]}},"s":{"0":0,"1":0,"2":0,"3":0,"4":0,"5":0,"6":0,"7":0,"8":0,"9":0,"10":0,"11":0,"12":0,"13":0,"14":0,"15":0},"f":{"0":0,"1":0},"b":{"0":[0,0],"1":[0,0],"2":[0,0],"3":[0,0]}}
,"/Users/seinoh/Desktop/github/investie/apps/backend/src/app.service.ts": {"path":"/Users/seinoh/Desktop/github/investie/apps/backend/src/app.service.ts","statementMap":{"0":{"start":{"line":1,"column":0},"end":{"line":1,"column":44}},"1":{"start":{"line":4,"column":7},"end":{"line":8,"column":null}},"2":{"start":{"line":6,"column":4},"end":{"line":6,"column":26}},"3":{"start":{"line":4,"column":13},"end":{"line":4,"column":23}},"4":{"start":{"line":4,"column":13},"end":{"line":8,"column":null}}},"fnMap":{"0":{"name":"(anonymous_1)","decl":{"start":{"line":5,"column":2},"end":{"line":5,"column":10}},"loc":{"start":{"line":5,"column":10},"end":{"line":7,"column":3}}}},"branchMap":{},"s":{"0":1,"1":1,"2":1,"3":1,"4":1},"f":{"0":1},"b":{}}
,"/Users/seinoh/Desktop/github/investie/apps/backend/src/main.ts": {"path":"/Users/seinoh/Desktop/github/investie/apps/backend/src/main.ts","statementMap":{"0":{"start":{"line":1,"column":0},"end":{"line":1,"column":43}},"1":{"start":{"line":2,"column":0},"end":{"line":2,"column":41}},"2":{"start":{"line":5,"column":14},"end":{"line":5,"column":49}},"3":{"start":{"line":8,"column":2},"end":{"line":8,"column":19}},"4":{"start":{"line":10,"column":15},"end":{"line":10,"column":39}},"5":{"start":{"line":11,"column":2},"end":{"line":11,"column":25}},"6":{"start":{"line":13,"column":2},"end":{"line":13,"column":72}},"7":{"start":{"line":14,"column":2},"end":{"line":14,"column":73}},"8":{"start":{"line":15,"column":2},"end":{"line":15,"column":77}},"9":{"start":{"line":18,"column":0},"end":{"line":21,"column":3}},"10":{"start":{"line":19,"column":2},"end":{"line":19,"column":57}},"11":{"start":{"line":20,"column":2},"end":{"line":20,"column":18}}},"fnMap":{"0":{"name":"bootstrap","decl":{"start":{"line":4,"column":15},"end":{"line":4,"column":24}},"loc":{"start":{"line":4,"column":24},"end":{"line":16,"column":1}}},"1":{"name":"(anonymous_1)","decl":{"start":{"line":18,"column":18},"end":{"line":18,"column":19}},"loc":{"start":{"line":18,"column":28},"end":{"line":21,"column":1}}}},"branchMap":{"0":{"loc":{"start":{"line":10,"column":15},"end":{"line":10,"column":39}},"type":"binary-expr","locations":[{"start":{"line":10,"column":15},"end":{"line":10,"column":31}},{"start":{"line":10,"column":35},"end":{"line":10,"column":39}}]}},"s":{"0":0,"1":0,"2":0,"3":0,"4":0,"5":0,"6":0,"7":0,"8":0,"9":0,"10":0,"11":0},"f":{"0":0,"1":0},"b":{"0":[0,0]}}
,"/Users/seinoh/Desktop/github/investie/apps/backend/src/ai/ai-evaluation.service.ts": {"path":"/Users/seinoh/Desktop/github/investie/apps/backend/src/ai/ai-evaluation.service.ts","statementMap":{"0":{"start":{"line":1,"column":0},"end":{"line":1,"column":44}},"1":{"start":{"line":5,"column":7},"end":{"line":21,"column":null}},"2":{"start":{"line":9,"column":41},"end":{"line":17,"column":6}},"3":{"start":{"line":19,"column":4},"end":{"line":19,"column":26}},"4":{"start":{"line":5,"column":13},"end":{"line":5,"column":32}},"5":{"start":{"line":5,"column":13},"end":{"line":21,"column":null}}},"fnMap":{"0":{"name":"(anonymous_1)","decl":{"start":{"line":6,"column":2},"end":{"line":6,"column":7}},"loc":{"start":{"line":6,"column":46},"end":{"line":20,"column":3}}}},"branchMap":{},"s":{"0":0,"1":0,"2":0,"3":0,"4":0,"5":0},"f":{"0":0},"b":{}}
,"/Users/seinoh/Desktop/github/investie/apps/backend/src/cache/cache.module.ts": {"path":"/Users/seinoh/Desktop/github/investie/apps/backend/src/cache/cache.module.ts","statementMap":{"0":{"start":{"line":1,"column":0},"end":{"line":1,"column":48}},"1":{"start":{"line":2,"column":0},"end":{"line":2,"column":47}},"2":{"start":{"line":9,"column":7},"end":{"line":9,"column":null}},"3":{"start":{"line":9,"column":13},"end":{"line":9,"column":24}},"4":{"start":{"line":9,"column":13},"end":{"line":9,"column":null}}},"fnMap":{},"branchMap":{},"s":{"0":0,"1":0,"2":0,"3":0,"4":0},"f":{},"b":{}}
,"/Users/seinoh/Desktop/github/investie/apps/backend/src/cache/cache.service.ts": {"path":"/Users/seinoh/Desktop/github/investie/apps/backend/src/cache/cache.service.ts","statementMap":{"0":{"start":{"line":1,"column":0},"end":{"line":1,"column":52}},"1":{"start":{"line":9,"column":25},"end":{"line":96,"column":null}},"2":{"start":{"line":10,"column":28},"end":{"line":10,"column":57}},"3":{"start":{"line":11,"column":18},"end":{"line":11,"column":51}},"4":{"start":{"line":14,"column":17},"end":{"line":14,"column":36}},"5":{"start":{"line":16,"column":4},"end":{"line":18,"column":5}},"6":{"start":{"line":17,"column":6},"end":{"line":17,"column":23}},"7":{"start":{"line":21,"column":4},"end":{"line":25,"column":5}},"8":{"start":{"line":22,"column":6},"end":{"line":22,"column":29}},"9":{"start":{"line":23,"column":6},"end":{"line":23,"column":66}},"10":{"start":{"line":24,"column":6},"end":{"line":24,"column":23}},"11":{"start":{"line":27,"column":4},"end":{"line":27,"column":43}},"12":{"start":{"line":28,"column":4},"end":{"line":28,"column":21}},"13":{"start":{"line":32,"column":22},"end":{"line":32,"column":54}},"14":{"start":{"line":34,"column":4},"end":{"line":37,"column":7}},"15":{"start":{"line":39,"column":4},"end":{"line":39,"column":65}},"16":{"start":{"line":43,"column":20},"end":{"line":43,"column":42}},"17":{"start":{"line":44,"column":4},"end":{"line":46,"column":5}},"18":{"start":{"line":45,"column":6},"end":{"line":45,"column":54}},"19":{"start":{"line":50,"column":17},"end":{"line":50,"column":32}},"20":{"start":{"line":51,"column":4},"end":{"line":51,"column":23}},"21":{"start":{"line":52,"column":4},"end":{"line":52,"column":60}},"22":{"start":{"line":59,"column":18},"end":{"line":63,"column":7}},"23":{"start":{"line":59,"column":73},"end":{"line":63,"column":6}},"24":{"start":{"line":65,"column":4},"end":{"line":68,"column":6}},"25":{"start":{"line":73,"column":16},"end":{"line":73,"column":26}},"26":{"start":{"line":74,"column":23},"end":{"line":74,"column":24}},"27":{"start":{"line":76,"column":4},"end":{"line":81,"column":5}},"28":{"start":{"line":77,"column":6},"end":{"line":80,"column":7}},"29":{"start":{"line":78,"column":8},"end":{"line":78,"column":31}},"30":{"start":{"line":79,"column":8},"end":{"line":79,"column":23}},"31":{"start":{"line":83,"column":4},"end":{"line":85,"column":5}},"32":{"start":{"line":84,"column":6},"end":{"line":84,"column":74}},"33":{"start":{"line":90,"column":4},"end":{"line":92,"column":22}},"34":{"start":{"line":91,"column":6},"end":{"line":91,"column":33}},"35":{"start":{"line":94,"column":4},"end":{"line":94,"column":72}},"36":{"start":{"line":9,"column":13},"end":{"line":9,"column":25}},"37":{"start":{"line":9,"column":13},"end":{"line":96,"column":null}}},"fnMap":{"0":{"name":"(anonymous_1)","decl":{"start":{"line":13,"column":2},"end":{"line":13,"column":7}},"loc":{"start":{"line":13,"column":26},"end":{"line":29,"column":3}}},"1":{"name":"(anonymous_2)","decl":{"start":{"line":31,"column":2},"end":{"line":31,"column":7}},"loc":{"start":{"line":31,"column":64},"end":{"line":40,"column":3}}},"2":{"name":"(anonymous_3)","decl":{"start":{"line":42,"column":2},"end":{"line":42,"column":7}},"loc":{"start":{"line":42,"column":23},"end":{"line":47,"column":3}}},"3":{"name":"(anonymous_4)","decl":{"start":{"line":49,"column":2},"end":{"line":49,"column":7}},"loc":{"start":{"line":49,"column":13},"end":{"line":53,"column":3}}},"4":{"name":"(anonymous_5)","decl":{"start":{"line":55,"column":2},"end":{"line":55,"column":15}},"loc":{"start":{"line":55,"column":15},"end":{"line":69,"column":3}}},"5":{"name":"(anonymous_6)","decl":{"start":{"line":59,"column":55},"end":{"line":59,"column":56}},"loc":{"start":{"line":59,"column":73},"end":{"line":63,"column":6}}},"6":{"name":"(anonymous_7)","decl":{"start":{"line":72,"column":10},"end":{"line":72,"column":29}},"loc":{"start":{"line":72,"column":29},"end":{"line":86,"column":3}}},"7":{"name":"(anonymous_8)","decl":{"start":{"line":89,"column":2},"end":{"line":89,"column":19}},"loc":{"start":{"line":89,"column":19},"end":{"line":95,"column":3}}},"8":{"name":"(anonymous_9)","decl":{"start":{"line":90,"column":16},"end":{"line":90,"column":19}},"loc":{"start":{"line":90,"column":21},"end":{"line":92,"column":5}}}},"branchMap":{"0":{"loc":{"start":{"line":16,"column":4},"end":{"line":18,"column":5}},"type":"if","locations":[{"start":{"line":16,"column":4},"end":{"line":18,"column":5}},{"start":{},"end":{}}]},"1":{"loc":{"start":{"line":21,"column":4},"end":{"line":25,"column":5}},"type":"if","locations":[{"start":{"line":21,"column":4},"end":{"line":25,"column":5}},{"start":{},"end":{}}]},"2":{"loc":{"start":{"line":31,"column":38},"end":{"line":31,"column":64}},"type":"default-arg","locations":[{"start":{"line":31,"column":59},"end":{"line":31,"column":64}}]},"3":{"loc":{"start":{"line":44,"column":4},"end":{"line":46,"column":5}},"type":"if","locations":[{"start":{"line":44,"column":4},"end":{"line":46,"column":5}},{"start":{},"end":{}}]},"4":{"loc":{"start":{"line":77,"column":6},"end":{"line":80,"column":7}},"type":"if","locations":[{"start":{"line":77,"column":6},"end":{"line":80,"column":7}},{"start":{},"end":{}}]},"5":{"loc":{"start":{"line":83,"column":4},"end":{"line":85,"column":5}},"type":"if","locations":[{"start":{"line":83,"column":4},"end":{"line":85,"column":5}},{"start":{},"end":{}}]}},"s":{"0":0,"1":0,"2":0,"3":0,"4":0,"5":0,"6":0,"7":0,"8":0,"9":0,"10":0,"11":0,"12":0,"13":0,"14":0,"15":0,"16":0,"17":0,"18":0,"19":0,"20":0,"21":0,"22":0,"23":0,"24":0,"25":0,"26":0,"27":0,"28":0,"29":0,"30":0,"31":0,"32":0,"33":0,"34":0,"35":0,"36":0,"37":0},"f":{"0":0,"1":0,"2":0,"3":0,"4":0,"5":0,"6":0,"7":0,"8":0},"b":{"0":[0,0],"1":[0,0],"2":[0],"3":[0,0],"4":[0,0],"5":[0,0]}}
,"/Users/seinoh/Desktop/github/investie/apps/backend/src/chat/chat.controller.ts": {"path":"/Users/seinoh/Desktop/github/investie/apps/backend/src/chat/chat.controller.ts","statementMap":{"0":{"start":{"line":1,"column":0},"end":{"line":1,"column":76}},"1":{"start":{"line":2,"column":0},"end":{"line":2,"column":45}},"2":{"start":{"line":6,"column":7},"end":{"line":44,"column":null}},"3":{"start":{"line":7,"column":31},"end":{"line":7,"column":44}},"4":{"start":{"line":11,"column":4},"end":{"line":11,"column":44}},"5":{"start":{"line":19,"column":4},"end":{"line":19,"column":60}},"6":{"start":{"line":24,"column":4},"end":{"line":24,"column":50}},"7":{"start":{"line":29,"column":4},"end":{"line":29,"column":48}},"8":{"start":{"line":34,"column":4},"end":{"line":34,"column":50}},"9":{"start":{"line":39,"column":4},"end":{"line":42,"column":6}},"10":{"start":{"line":6,"column":13},"end":{"line":6,"column":27}},"11":{"start":{"line":10,"column":8},"end":{"line":12,"column":null}},"12":{"start":{"line":15,"column":8},"end":{"line":20,"column":null}},"13":{"start":{"line":23,"column":8},"end":{"line":25,"column":null}},"14":{"start":{"line":28,"column":8},"end":{"line":30,"column":null}},"15":{"start":{"line":33,"column":8},"end":{"line":35,"column":null}},"16":{"start":{"line":38,"column":2},"end":{"line":43,"column":null}},"17":{"start":{"line":6,"column":13},"end":{"line":44,"column":null}}},"fnMap":{"0":{"name":"(anonymous_4)","decl":{"start":{"line":7,"column":2},"end":{"line":7,"column":31}},"loc":{"start":{"line":7,"column":55},"end":{"line":7,"column":59}}},"1":{"name":"(anonymous_5)","decl":{"start":{"line":10,"column":8},"end":{"line":10,"column":21}},"loc":{"start":{"line":10,"column":21},"end":{"line":12,"column":3}}},"2":{"name":"(anonymous_6)","decl":{"start":{"line":15,"column":8},"end":{"line":15,"column":19}},"loc":{"start":{"line":17,"column":36},"end":{"line":20,"column":3}}},"3":{"name":"(anonymous_7)","decl":{"start":{"line":23,"column":8},"end":{"line":23,"column":18}},"loc":{"start":{"line":23,"column":49},"end":{"line":25,"column":3}}},"4":{"name":"(anonymous_8)","decl":{"start":{"line":28,"column":8},"end":{"line":28,"column":25}},"loc":{"start":{"line":28,"column":25},"end":{"line":30,"column":3}}},"5":{"name":"(anonymous_9)","decl":{"start":{"line":33,"column":8},"end":{"line":33,"column":18}},"loc":{"start":{"line":33,"column":49},"end":{"line":35,"column":3}}},"6":{"name":"(anonymous_10)","decl":{"start":{"line":38,"column":2},"end":{"line":38,"column":11}},"loc":{"start":{"line":38,"column":11},"end":{"line":43,"column":3}}}},"branchMap":{"0":{"loc":{"start":{"line":10,"column":25},"end":{"line":10,"column":null}},"type":"cond-expr","locations":[{"start":{"line":10,"column":32},"end":{"line":10,"column":null}},{"start":{"line":10,"column":32},"end":{"line":10,"column":null}}]},"1":{"loc":{"start":{"line":10,"column":25},"end":{"line":10,"column":32}},"type":"binary-expr","locations":[{"start":{"line":10,"column":25},"end":{"line":10,"column":null}},{"start":{"line":10,"column":25},"end":{"line":10,"column":32}}]},"2":{"loc":{"start":{"line":18,"column":5},"end":{"line":18,"column":null}},"type":"cond-expr","locations":[{"start":{"line":18,"column":12},"end":{"line":18,"column":null}},{"start":{"line":18,"column":12},"end":{"line":18,"column":null}}]},"3":{"loc":{"start":{"line":18,"column":5},"end":{"line":18,"column":12}},"type":"binary-expr","locations":[{"start":{"line":18,"column":5},"end":{"line":18,"column":null}},{"start":{"line":18,"column":5},"end":{"line":18,"column":12}}]},"4":{"loc":{"start":{"line":23,"column":52},"end":{"line":23,"column":null}},"type":"cond-expr","locations":[{"start":{"line":23,"column":59},"end":{"line":23,"column":null}},{"start":{"line":23,"column":59},"end":{"line":23,"column":null}}]},"5":{"loc":{"start":{"line":23,"column":52},"end":{"line":23,"column":59}},"type":"binary-expr","locations":[{"start":{"line":23,"column":52},"end":{"line":23,"column":null}},{"start":{"line":23,"column":52},"end":{"line":23,"column":59}}]},"6":{"loc":{"start":{"line":28,"column":29},"end":{"line":28,"column":null}},"type":"cond-expr","locations":[{"start":{"line":28,"column":36},"end":{"line":28,"column":null}},{"start":{"line":28,"column":36},"end":{"line":28,"column":null}}]},"7":{"loc":{"start":{"line":28,"column":29},"end":{"line":28,"column":36}},"type":"binary-expr","locations":[{"start":{"line":28,"column":29},"end":{"line":28,"column":null}},{"start":{"line":28,"column":29},"end":{"line":28,"column":36}}]},"8":{"loc":{"start":{"line":33,"column":52},"end":{"line":33,"column":null}},"type":"cond-expr","locations":[{"start":{"line":33,"column":59},"end":{"line":33,"column":null}},{"start":{"line":33,"column":59},"end":{"line":33,"column":null}}]},"9":{"loc":{"start":{"line":33,"column":52},"end":{"line":33,"column":59}},"type":"binary-expr","locations":[{"start":{"line":33,"column":52},"end":{"line":33,"column":null}},{"start":{"line":33,"column":52},"end":{"line":33,"column":59}}]},"10":{"loc":{"start":{"line":7,"column":44},"end":{"line":7,"column":58}},"type":"cond-expr","locations":[{"start":{"line":7,"column":55},"end":{"line":7,"column":58}},{"start":{"line":7,"column":55},"end":{"line":7,"column":58}}]},"11":{"loc":{"start":{"line":7,"column":44},"end":{"line":7,"column":55}},"type":"binary-expr","locations":[{"start":{"line":7,"column":44},"end":{"line":7,"column":58}},{"start":{"line":7,"column":44},"end":{"line":7,"column":55}}]}},"s":{"0":0,"1":0,"2":0,"3":0,"4":0,"5":0,"6":0,"7":0,"8":0,"9":0,"10":0,"11":0,"12":0,"13":0,"14":0,"15":0,"16":0,"17":0},"f":{"0":0,"1":0,"2":0,"3":0,"4":0,"5":0,"6":0},"b":{"0":[0,0],"1":[0,0],"2":[0,0],"3":[0,0],"4":[0,0],"5":[0,0],"6":[0,0],"7":[0,0],"8":[0,0],"9":[0,0],"10":[0,0],"11":[0,0]}}
,"/Users/seinoh/Desktop/github/investie/apps/backend/src/chat/chat.module.ts": {"path":"/Users/seinoh/Desktop/github/investie/apps/backend/src/chat/chat.module.ts","statementMap":{"0":{"start":{"line":1,"column":0},"end":{"line":1,"column":40}},"1":{"start":{"line":2,"column":0},"end":{"line":2,"column":51}},"2":{"start":{"line":3,"column":0},"end":{"line":3,"column":45}},"3":{"start":{"line":10,"column":7},"end":{"line":10,"column":null}},"4":{"start":{"line":10,"column":13},"end":{"line":10,"column":23}},"5":{"start":{"line":10,"column":13},"end":{"line":10,"column":null}}},"fnMap":{},"branchMap":{},"s":{"0":0,"1":0,"2":0,"3":0,"4":0,"5":0},"f":{},"b":{}}
,"/Users/seinoh/Desktop/github/investie/apps/backend/src/chat/chat.service.ts": {"path":"/Users/seinoh/Desktop/github/investie/apps/backend/src/chat/chat.service.ts","statementMap":{"0":{"start":{"line":1,"column":0},"end":{"line":1,"column":44}},"1":{"start":{"line":5,"column":7},"end":{"line":67,"column":null}},"2":{"start":{"line":6,"column":47},"end":{"line":6,"column":56}},"3":{"start":{"line":9,"column":22},"end":{"line":9,"column":88}},"4":{"start":{"line":10,"column":33},"end":{"line":15,"column":6}},"5":{"start":{"line":17,"column":4},"end":{"line":17,"column":42}},"6":{"start":{"line":18,"column":4},"end":{"line":18,"column":19}},"7":{"start":{"line":24,"column":38},"end":{"line":30,"column":6}},"8":{"start":{"line":32,"column":20},"end":{"line":32,"column":48}},"9":{"start":{"line":33,"column":4},"end":{"line":44,"column":5}},"10":{"start":{"line":34,"column":39},"end":{"line":40,"column":8}},"11":{"start":{"line":42,"column":6},"end":{"line":42,"column":55}},"12":{"start":{"line":43,"column":6},"end":{"line":43,"column":54}},"13":{"start":{"line":46,"column":4},"end":{"line":46,"column":24}},"14":{"start":{"line":50,"column":4},"end":{"line":50,"column":48}},"15":{"start":{"line":54,"column":4},"end":{"line":56,"column":20}},"16":{"start":{"line":55,"column":22},"end":{"line":55,"column":93}},"17":{"start":{"line":60,"column":20},"end":{"line":60,"column":48}},"18":{"start":{"line":61,"column":4},"end":{"line":64,"column":5}},"19":{"start":{"line":62,"column":6},"end":{"line":62,"column":31}},"20":{"start":{"line":63,"column":6},"end":{"line":63,"column":31}},"21":{"start":{"line":65,"column":4},"end":{"line":65,"column":30}},"22":{"start":{"line":5,"column":13},"end":{"line":5,"column":24}},"23":{"start":{"line":5,"column":13},"end":{"line":67,"column":null}}},"fnMap":{"0":{"name":"(anonymous_1)","decl":{"start":{"line":8,"column":2},"end":{"line":8,"column":7}},"loc":{"start":{"line":8,"column":21},"end":{"line":19,"column":3}}},"1":{"name":"(anonymous_2)","decl":{"start":{"line":21,"column":2},"end":{"line":21,"column":7}},"loc":{"start":{"line":21,"column":54},"end":{"line":47,"column":3}}},"2":{"name":"(anonymous_3)","decl":{"start":{"line":49,"column":2},"end":{"line":49,"column":7}},"loc":{"start":{"line":49,"column":36},"end":{"line":51,"column":3}}},"3":{"name":"(anonymous_4)","decl":{"start":{"line":53,"column":2},"end":{"line":53,"column":7}},"loc":{"start":{"line":53,"column":25},"end":{"line":57,"column":3}}},"4":{"name":"(anonymous_5)","decl":{"start":{"line":55,"column":12},"end":{"line":55,"column":13}},"loc":{"start":{"line":55,"column":22},"end":{"line":55,"column":93}}},"5":{"name":"(anonymous_6)","decl":{"start":{"line":59,"column":2},"end":{"line":59,"column":7}},"loc":{"start":{"line":59,"column":36},"end":{"line":66,"column":3}}}},"branchMap":{"0":{"loc":{"start":{"line":33,"column":4},"end":{"line":44,"column":5}},"type":"if","locations":[{"start":{"line":33,"column":4},"end":{"line":44,"column":5}},{"start":{},"end":{}}]},"1":{"loc":{"start":{"line":50,"column":11},"end":{"line":50,"column":47}},"type":"binary-expr","locations":[{"start":{"line":50,"column":11},"end":{"line":50,"column":39}},{"start":{"line":50,"column":43},"end":{"line":50,"column":47}}]},"2":{"loc":{"start":{"line":61,"column":4},"end":{"line":64,"column":5}},"type":"if","locations":[{"start":{"line":61,"column":4},"end":{"line":64,"column":5}},{"start":{},"end":{}}]}},"s":{"0":0,"1":0,"2":0,"3":0,"4":0,"5":0,"6":0,"7":0,"8":0,"9":0,"10":0,"11":0,"12":0,"13":0,"14":0,"15":0,"16":0,"17":0,"18":0,"19":0,"20":0,"21":0,"22":0,"23":0},"f":{"0":0,"1":0,"2":0,"3":0,"4":0,"5":0},"b":{"0":[0,0],"1":[0,0],"2":[0,0]}}
,"/Users/seinoh/Desktop/github/investie/apps/backend/src/market/financial-data.service.ts": {"path":"/Users/seinoh/Desktop/github/investie/apps/backend/src/market/financial-data.service.ts","statementMap":{"0":{"start":{"line":1,"column":0},"end":{"line":1,"column":52}},"1":{"start":{"line":2,"column":0},"end":{"line":2,"column":54}},"2":{"start":{"line":3,"column":0},"end":{"line":3,"column":55}},"3":{"start":{"line":4,"column":0},"end":{"line":4,"column":61}},"4":{"start":{"line":35,"column":33},"end":{"line":205,"column":null}},"5":{"start":{"line":36,"column":28},"end":{"line":36,"column":65}},"6":{"start":{"line":41,"column":12},"end":{"line":41,"column":26}},"7":{"start":{"line":42,"column":12},"end":{"line":42,"column":25}},"8":{"start":{"line":43,"column":12},"end":{"line":43,"column":28}},"9":{"start":{"line":45,"column":4},"end":{"line":45,"column":78}},"10":{"start":{"line":46,"column":4},"end":{"line":46,"column":70}},"11":{"start":{"line":50,"column":21},"end":{"line":50,"column":42}},"12":{"start":{"line":52,"column":4},"end":{"line":88,"column":5}},"13":{"start":{"line":54,"column":21},"end":{"line":54,"column":78}},"14":{"start":{"line":55,"column":6},"end":{"line":58,"column":7}},"15":{"start":{"line":56,"column":8},"end":{"line":56,"column":68}},"16":{"start":{"line":57,"column":8},"end":{"line":57,"column":22}},"17":{"start":{"line":61,"column":6},"end":{"line":61,"column":74}},"18":{"start":{"line":62,"column":27},"end":{"line":62,"column":76}},"19":{"start":{"line":65,"column":45},"end":{"line":78,"column":8}},"20":{"start":{"line":81,"column":6},"end":{"line":81,"column":78}},"21":{"start":{"line":82,"column":6},"end":{"line":82,"column":65}},"22":{"start":{"line":84,"column":6},"end":{"line":84,"column":24}},"23":{"start":{"line":86,"column":6},"end":{"line":86,"column":79}},"24":{"start":{"line":87,"column":6},"end":{"line":87,"column":18}},"25":{"start":{"line":92,"column":21},"end":{"line":92,"column":37}},"26":{"start":{"line":94,"column":4},"end":{"line":134,"column":5}},"27":{"start":{"line":96,"column":21},"end":{"line":96,"column":73}},"28":{"start":{"line":97,"column":6},"end":{"line":100,"column":7}},"29":{"start":{"line":98,"column":8},"end":{"line":98,"column":63}},"30":{"start":{"line":99,"column":8},"end":{"line":99,"column":22}},"31":{"start":{"line":103,"column":6},"end":{"line":103,"column":68}},"32":{"start":{"line":104,"column":39},"end":{"line":107,"column":8}},"33":{"start":{"line":109,"column":24},"end":{"line":109,"column":85}},"34":{"start":{"line":110,"column":22},"end":{"line":110,"column":79}},"35":{"start":{"line":113,"column":37},"end":{"line":124,"column":8}},"36":{"start":{"line":127,"column":6},"end":{"line":127,"column":72}},"37":{"start":{"line":128,"column":6},"end":{"line":128,"column":85}},"38":{"start":{"line":130,"column":6},"end":{"line":130,"column":21}},"39":{"start":{"line":132,"column":6},"end":{"line":132,"column":74}},"40":{"start":{"line":133,"column":6},"end":{"line":133,"column":18}},"41":{"start":{"line":138,"column":4},"end":{"line":153,"column":5}},"42":{"start":{"line":139,"column":24},"end":{"line":139,"column":82}},"43":{"start":{"line":141,"column":6},"end":{"line":146,"column":7}},"44":{"start":{"line":142,"column":8},"end":{"line":145,"column":12}},"45":{"start":{"line":142,"column":52},"end":{"line":145,"column":10}},"46":{"start":{"line":149,"column":6},"end":{"line":149,"column":16}},"47":{"start":{"line":151,"column":6},"end":{"line":151,"column":88}},"48":{"start":{"line":152,"column":6},"end":{"line":152,"column":16}},"49":{"start":{"line":157,"column":4},"end":{"line":164,"column":5}},"50":{"start":{"line":158,"column":6},"end":{"line":161,"column":18}},"51":{"start":{"line":163,"column":6},"end":{"line":163,"column":18}},"52":{"start":{"line":168,"column":4},"end":{"line":175,"column":5}},"53":{"start":{"line":169,"column":6},"end":{"line":172,"column":18}},"54":{"start":{"line":174,"column":6},"end":{"line":174,"column":18}},"55":{"start":{"line":179,"column":4},"end":{"line":186,"column":5}},"56":{"start":{"line":180,"column":6},"end":{"line":183,"column":18}},"57":{"start":{"line":185,"column":6},"end":{"line":185,"column":18}},"58":{"start":{"line":190,"column":4},"end":{"line":190,"column":36}},"59":{"start":{"line":190,"column":23},"end":{"line":190,"column":36}},"60":{"start":{"line":191,"column":4},"end":{"line":191,"column":41}},"61":{"start":{"line":191,"column":23},"end":{"line":191,"column":41}},"62":{"start":{"line":192,"column":4},"end":{"line":192,"column":37}},"63":{"start":{"line":192,"column":23},"end":{"line":192,"column":37}},"64":{"start":{"line":193,"column":4},"end":{"line":193,"column":21}},"65":{"start":{"line":197,"column":4},"end":{"line":203,"column":5}},"66":{"start":{"line":198,"column":6},"end":{"line":198,"column":57}},"67":{"start":{"line":199,"column":6},"end":{"line":199,"column":52}},"68":{"start":{"line":200,"column":6},"end":{"line":200,"column":54}},"69":{"start":{"line":202,"column":6},"end":{"line":202,"column":65}},"70":{"start":{"line":35,"column":13},"end":{"line":35,"column":33}},"71":{"start":{"line":35,"column":13},"end":{"line":205,"column":null}}},"fnMap":{"0":{"name":"(anonymous_2)","decl":{"start":{"line":40,"column":2},"end":{"line":40,"column":null}},"loc":{"start":{"line":43,"column":42},"end":{"line":47,"column":3}}},"1":{"name":"(anonymous_3)","decl":{"start":{"line":49,"column":2},"end":{"line":49,"column":7}},"loc":{"start":{"line":49,"column":29},"end":{"line":89,"column":3}}},"2":{"name":"(anonymous_4)","decl":{"start":{"line":91,"column":2},"end":{"line":91,"column":7}},"loc":{"start":{"line":91,"column":24},"end":{"line":135,"column":3}}},"3":{"name":"(anonymous_5)","decl":{"start":{"line":137,"column":10},"end":{"line":137,"column":15}},"loc":{"start":{"line":137,"column":47},"end":{"line":154,"column":3}}},"4":{"name":"(anonymous_6)","decl":{"start":{"line":142,"column":35},"end":{"line":142,"column":36}},"loc":{"start":{"line":142,"column":52},"end":{"line":145,"column":10}}},"5":{"name":"(anonymous_7)","decl":{"start":{"line":156,"column":10},"end":{"line":156,"column":22}},"loc":{"start":{"line":156,"column":32},"end":{"line":165,"column":3}}},"6":{"name":"(anonymous_8)","decl":{"start":{"line":167,"column":10},"end":{"line":167,"column":23}},"loc":{"start":{"line":167,"column":33},"end":{"line":176,"column":3}}},"7":{"name":"(anonymous_9)","decl":{"start":{"line":178,"column":10},"end":{"line":178,"column":30}},"loc":{"start":{"line":178,"column":40},"end":{"line":187,"column":3}}},"8":{"name":"(anonymous_10)","decl":{"start":{"line":189,"column":10},"end":{"line":189,"column":22}},"loc":{"start":{"line":189,"column":39},"end":{"line":194,"column":3}}},"9":{"name":"(anonymous_11)","decl":{"start":{"line":196,"column":2},"end":{"line":196,"column":7}},"loc":{"start":{"line":196,"column":18},"end":{"line":204,"column":3}}}},"branchMap":{"0":{"loc":{"start":{"line":45,"column":36},"end":{"line":45,"column":76}},"type":"binary-expr","locations":[{"start":{"line":45,"column":36},"end":{"line":45,"column":65}},{"start":{"line":45,"column":69},"end":{"line":45,"column":76}}]},"1":{"loc":{"start":{"line":46,"column":33},"end":{"line":46,"column":68}},"type":"binary-expr","locations":[{"start":{"line":46,"column":33},"end":{"line":46,"column":59}},{"start":{"line":46,"column":63},"end":{"line":46,"column":68}}]},"2":{"loc":{"start":{"line":55,"column":6},"end":{"line":58,"column":7}},"type":"if","locations":[{"start":{"line":55,"column":6},"end":{"line":58,"column":7}},{"start":{},"end":{}}]},"3":{"loc":{"start":{"line":67,"column":17},"end":{"line":67,"column":45}},"type":"binary-expr","locations":[{"start":{"line":67,"column":17},"end":{"line":67,"column":40}},{"start":{"line":67,"column":44},"end":{"line":67,"column":45}}]},"4":{"loc":{"start":{"line":72,"column":17},"end":{"line":72,"column":54}},"type":"binary-expr","locations":[{"start":{"line":72,"column":17},"end":{"line":72,"column":49}},{"start":{"line":72,"column":53},"end":{"line":72,"column":54}}]},"5":{"loc":{"start":{"line":75,"column":17},"end":{"line":75,"column":58}},"type":"binary-expr","locations":[{"start":{"line":75,"column":17},"end":{"line":75,"column":53}},{"start":{"line":75,"column":57},"end":{"line":75,"column":58}}]},"6":{"loc":{"start":{"line":97,"column":6},"end":{"line":100,"column":7}},"type":"if","locations":[{"start":{"line":97,"column":6},"end":{"line":100,"column":7}},{"start":{},"end":{}}]},"7":{"loc":{"start":{"line":109,"column":24},"end":{"line":109,"column":85}},"type":"cond-expr","locations":[{"start":{"line":109,"column":61},"end":{"line":109,"column":78}},{"start":{"line":109,"column":81},"end":{"line":109,"column":85}}]},"8":{"loc":{"start":{"line":110,"column":22},"end":{"line":110,"column":79}},"type":"cond-expr","locations":[{"start":{"line":110,"column":57},"end":{"line":110,"column":72}},{"start":{"line":110,"column":75},"end":{"line":110,"column":79}}]},"9":{"loc":{"start":{"line":115,"column":17},"end":{"line":115,"column":50}},"type":"binary-expr","locations":[{"start":{"line":115,"column":17},"end":{"line":115,"column":45}},{"start":{"line":115,"column":49},"end":{"line":115,"column":50}}]},"10":{"loc":{"start":{"line":116,"column":18},"end":{"line":116,"column":52}},"type":"binary-expr","locations":[{"start":{"line":116,"column":18},"end":{"line":116,"column":47}},{"start":{"line":116,"column":51},"end":{"line":116,"column":52}}]},"11":{"loc":{"start":{"line":117,"column":25},"end":{"line":117,"column":66}},"type":"binary-expr","locations":[{"start":{"line":117,"column":25},"end":{"line":117,"column":61}},{"start":{"line":117,"column":65},"end":{"line":117,"column":66}}]},"12":{"loc":{"start":{"line":121,"column":17},"end":{"line":121,"column":48}},"type":"binary-expr","locations":[{"start":{"line":121,"column":17},"end":{"line":121,"column":43}},{"start":{"line":121,"column":47},"end":{"line":121,"column":48}}]},"13":{"loc":{"start":{"line":122,"column":36},"end":{"line":122,"column":67}},"type":"binary-expr","locations":[{"start":{"line":122,"column":36},"end":{"line":122,"column":62}},{"start":{"line":122,"column":66},"end":{"line":122,"column":67}}]},"14":{"loc":{"start":{"line":141,"column":6},"end":{"line":146,"column":7}},"type":"if","locations":[{"start":{"line":141,"column":6},"end":{"line":146,"column":7}},{"start":{},"end":{}}]},"15":{"loc":{"start":{"line":141,"column":10},"end":{"line":141,"column":60}},"type":"binary-expr","locations":[{"start":{"line":141,"column":10},"end":{"line":141,"column":26}},{"start":{"line":141,"column":30},"end":{"line":141,"column":60}}]},"16":{"loc":{"start":{"line":143,"column":16},"end":{"line":143,"column":72}},"type":"binary-expr","locations":[{"start":{"line":143,"column":16},"end":{"line":143,"column":30}},{"start":{"line":143,"column":34},"end":{"line":143,"column":44}},{"start":{"line":143,"column":48},"end":{"line":143,"column":72}}]},"17":{"loc":{"start":{"line":144,"column":28},"end":{"line":144,"column":59}},"type":"binary-expr","locations":[{"start":{"line":144,"column":28},"end":{"line":144,"column":39}},{"start":{"line":144,"column":43},"end":{"line":144,"column":54}},{"start":{"line":144,"column":58},"end":{"line":144,"column":59}}]},"18":{"loc":{"start":{"line":158,"column":13},"end":{"line":161,"column":17}},"type":"binary-expr","locations":[{"start":{"line":158,"column":13},"end":{"line":158,"column":40}},{"start":{"line":159,"column":13},"end":{"line":159,"column":24}},{"start":{"line":160,"column":13},"end":{"line":160,"column":44}},{"start":{"line":161,"column":13},"end":{"line":161,"column":17}}]},"19":{"loc":{"start":{"line":169,"column":13},"end":{"line":172,"column":17}},"type":"binary-expr","locations":[{"start":{"line":169,"column":13},"end":{"line":169,"column":41}},{"start":{"line":170,"column":13},"end":{"line":170,"column":25}},{"start":{"line":171,"column":13},"end":{"line":171,"column":43}},{"start":{"line":172,"column":13},"end":{"line":172,"column":17}}]},"20":{"loc":{"start":{"line":180,"column":13},"end":{"line":183,"column":17}},"type":"binary-expr","locations":[{"start":{"line":180,"column":13},"end":{"line":180,"column":49}},{"start":{"line":181,"column":13},"end":{"line":181,"column":33}},{"start":{"line":182,"column":13},"end":{"line":182,"column":51}},{"start":{"line":183,"column":13},"end":{"line":183,"column":17}}]},"21":{"loc":{"start":{"line":190,"column":4},"end":{"line":190,"column":36}},"type":"if","locations":[{"start":{"line":190,"column":4},"end":{"line":190,"column":36}},{"start":{},"end":{}}]},"22":{"loc":{"start":{"line":191,"column":4},"end":{"line":191,"column":41}},"type":"if","locations":[{"start":{"line":191,"column":4},"end":{"line":191,"column":41}},{"start":{},"end":{}}]},"23":{"loc":{"start":{"line":192,"column":4},"end":{"line":192,"column":37}},"type":"if","locations":[{"start":{"line":192,"column":4},"end":{"line":192,"column":37}},{"start":{},"end":{}}]},"24":{"loc":{"start":{"line":41,"column":26},"end":{"line":41,"column":null}},"type":"cond-expr","locations":[{"start":{"line":41,"column":38},"end":{"line":41,"column":null}},{"start":{"line":41,"column":38},"end":{"line":41,"column":null}}]},"25":{"loc":{"start":{"line":41,"column":26},"end":{"line":41,"column":38}},"type":"binary-expr","locations":[{"start":{"line":41,"column":26},"end":{"line":41,"column":null}},{"start":{"line":41,"column":26},"end":{"line":41,"column":38}}]},"26":{"loc":{"start":{"line":41,"column":38},"end":{"line":42,"column":null}},"type":"cond-expr","locations":[{"start":{"line":42,"column":36},"end":{"line":42,"column":null}},{"start":{"line":42,"column":36},"end":{"line":42,"column":null}}]},"27":{"loc":{"start":{"line":41,"column":38},"end":{"line":42,"column":36}},"type":"binary-expr","locations":[{"start":{"line":41,"column":38},"end":{"line":42,"column":null}},{"start":{"line":42,"column":25},"end":{"line":42,"column":36}}]},"28":{"loc":{"start":{"line":42,"column":36},"end":{"line":43,"column":null}},"type":"cond-expr","locations":[{"start":{"line":43,"column":42},"end":{"line":43,"column":null}},{"start":{"line":43,"column":42},"end":{"line":43,"column":null}}]},"29":{"loc":{"start":{"line":42,"column":36},"end":{"line":43,"column":42}},"type":"binary-expr","locations":[{"start":{"line":42,"column":36},"end":{"line":43,"column":null}},{"start":{"line":43,"column":28},"end":{"line":43,"column":42}}]}},"s":{"0":0,"1":0,"2":0,"3":0,"4":0,"5":0,"6":0,"7":0,"8":0,"9":0,"10":0,"11":0,"12":0,"13":0,"14":0,"15":0,"16":0,"17":0,"18":0,"19":0,"20":0,"21":0,"22":0,"23":0,"24":0,"25":0,"26":0,"27":0,"28":0,"29":0,"30":0,"31":0,"32":0,"33":0,"34":0,"35":0,"36":0,"37":0,"38":0,"39":0,"40":0,"41":0,"42":0,"43":0,"44":0,"45":0,"46":0,"47":0,"48":0,"49":0,"50":0,"51":0,"52":0,"53":0,"54":0,"55":0,"56":0,"57":0,"58":0,"59":0,"60":0,"61":0,"62":0,"63":0,"64":0,"65":0,"66":0,"67":0,"68":0,"69":0,"70":0,"71":0},"f":{"0":0,"1":0,"2":0,"3":0,"4":0,"5":0,"6":0,"7":0,"8":0,"9":0},"b":{"0":[0,0],"1":[0,0],"2":[0,0],"3":[0,0],"4":[0,0],"5":[0,0],"6":[0,0],"7":[0,0],"8":[0,0],"9":[0,0],"10":[0,0],"11":[0,0],"12":[0,0],"13":[0,0],"14":[0,0],"15":[0,0],"16":[0,0,0],"17":[0,0,0],"18":[0,0,0,0],"19":[0,0,0,0],"20":[0,0,0,0],"21":[0,0],"22":[0,0],"23":[0,0],"24":[0,0],"25":[0,0],"26":[0,0],"27":[0,0],"28":[0,0],"29":[0,0]}}
,"/Users/seinoh/Desktop/github/investie/apps/backend/src/market/market-data.scheduler.ts": {"path":"/Users/seinoh/Desktop/github/investie/apps/backend/src/market/market-data.scheduler.ts","statementMap":{"0":{"start":{"line":1,"column":0},"end":{"line":1,"column":52}},"1":{"start":{"line":2,"column":0},"end":{"line":2,"column":64}},"2":{"start":{"line":5,"column":32},"end":{"line":142,"column":null}},"3":{"start":{"line":6,"column":28},"end":{"line":6,"column":64}},"4":{"start":{"line":8,"column":37},"end":{"line":11,"column":4}},"5":{"start":{"line":17,"column":12},"end":{"line":17,"column":34}},"6":{"start":{"line":19,"column":4},"end":{"line":19,"column":62}},"7":{"start":{"line":23,"column":4},"end":{"line":26,"column":5}},"8":{"start":{"line":24,"column":6},"end":{"line":24,"column":64}},"9":{"start":{"line":25,"column":6},"end":{"line":25,"column":13}},"10":{"start":{"line":28,"column":4},"end":{"line":28,"column":57}},"11":{"start":{"line":31,"column":4},"end":{"line":33,"column":38}},"12":{"start":{"line":32,"column":6},"end":{"line":32,"column":38}},"13":{"start":{"line":36,"column":4},"end":{"line":40,"column":36}},"14":{"start":{"line":37,"column":6},"end":{"line":39,"column":7}},"15":{"start":{"line":38,"column":8},"end":{"line":38,"column":38}},"16":{"start":{"line":43,"column":4},"end":{"line":43,"column":35}},"17":{"start":{"line":45,"column":4},"end":{"line":45,"column":66}},"18":{"start":{"line":49,"column":4},"end":{"line":52,"column":5}},"19":{"start":{"line":50,"column":6},"end":{"line":50,"column":44}},"20":{"start":{"line":51,"column":6},"end":{"line":51,"column":41}},"21":{"start":{"line":54,"column":4},"end":{"line":57,"column":5}},"22":{"start":{"line":55,"column":6},"end":{"line":55,"column":42}},"23":{"start":{"line":56,"column":6},"end":{"line":56,"column":39}},"24":{"start":{"line":59,"column":4},"end":{"line":59,"column":53}},"25":{"start":{"line":63,"column":4},"end":{"line":72,"column":5}},"26":{"start":{"line":64,"column":6},"end":{"line":64,"column":58}},"27":{"start":{"line":65,"column":6},"end":{"line":68,"column":9}},"28":{"start":{"line":69,"column":6},"end":{"line":69,"column":54}},"29":{"start":{"line":71,"column":6},"end":{"line":71,"column":69}},"30":{"start":{"line":76,"column":4},"end":{"line":82,"column":5}},"31":{"start":{"line":77,"column":6},"end":{"line":77,"column":57}},"32":{"start":{"line":78,"column":6},"end":{"line":78,"column":62}},"33":{"start":{"line":79,"column":6},"end":{"line":79,"column":66}},"34":{"start":{"line":81,"column":6},"end":{"line":81,"column":74}},"35":{"start":{"line":86,"column":4},"end":{"line":92,"column":5}},"36":{"start":{"line":87,"column":6},"end":{"line":87,"column":52}},"37":{"start":{"line":88,"column":6},"end":{"line":88,"column":57}},"38":{"start":{"line":89,"column":6},"end":{"line":89,"column":61}},"39":{"start":{"line":91,"column":6},"end":{"line":91,"column":72}},"40":{"start":{"line":96,"column":16},"end":{"line":96,"column":26}},"41":{"start":{"line":97,"column":24},"end":{"line":102,"column":25}},"42":{"start":{"line":104,"column":20},"end":{"line":104,"column":76}},"43":{"start":{"line":104,"column":45},"end":{"line":104,"column":68}},"44":{"start":{"line":105,"column":17},"end":{"line":105,"column":87}},"45":{"start":{"line":105,"column":51},"end":{"line":105,"column":71}},"46":{"start":{"line":108,"column":4},"end":{"line":110,"column":5}},"47":{"start":{"line":109,"column":6},"end":{"line":109,"column":19}},"48":{"start":{"line":113,"column":4},"end":{"line":113,"column":35}},"49":{"start":{"line":117,"column":4},"end":{"line":117,"column":53}},"50":{"start":{"line":118,"column":4},"end":{"line":121,"column":7}},"51":{"start":{"line":122,"column":4},"end":{"line":122,"column":47}},"52":{"start":{"line":131,"column":4},"end":{"line":140,"column":6}},"53":{"start":{"line":5,"column":13},"end":{"line":5,"column":32}},"54":{"start":{"line":5,"column":13},"end":{"line":142,"column":null}}},"fnMap":{"0":{"name":"(anonymous_2)","decl":{"start":{"line":16,"column":2},"end":{"line":16,"column":null}},"loc":{"start":{"line":17,"column":54},"end":{"line":20,"column":3}}},"1":{"name":"(anonymous_3)","decl":{"start":{"line":22,"column":2},"end":{"line":22,"column":16}},"loc":{"start":{"line":22,"column":16},"end":{"line":46,"column":3}}},"2":{"name":"(anonymous_4)","decl":{"start":{"line":31,"column":41},"end":{"line":31,"column":46}},"loc":{"start":{"line":31,"column":52},"end":{"line":33,"column":5}}},"3":{"name":"(anonymous_5)","decl":{"start":{"line":36,"column":39},"end":{"line":36,"column":44}},"loc":{"start":{"line":36,"column":50},"end":{"line":40,"column":5}}},"4":{"name":"(anonymous_6)","decl":{"start":{"line":48,"column":2},"end":{"line":48,"column":15}},"loc":{"start":{"line":48,"column":15},"end":{"line":60,"column":3}}},"5":{"name":"(anonymous_7)","decl":{"start":{"line":62,"column":10},"end":{"line":62,"column":15}},"loc":{"start":{"line":62,"column":39},"end":{"line":73,"column":3}}},"6":{"name":"(anonymous_8)","decl":{"start":{"line":75,"column":10},"end":{"line":75,"column":15}},"loc":{"start":{"line":75,"column":34},"end":{"line":83,"column":3}}},"7":{"name":"(anonymous_9)","decl":{"start":{"line":85,"column":10},"end":{"line":85,"column":15}},"loc":{"start":{"line":85,"column":32},"end":{"line":93,"column":3}}},"8":{"name":"(anonymous_10)","decl":{"start":{"line":95,"column":10},"end":{"line":95,"column":24}},"loc":{"start":{"line":95,"column":24},"end":{"line":114,"column":3}}},"9":{"name":"(anonymous_11)","decl":{"start":{"line":104,"column":37},"end":{"line":104,"column":41}},"loc":{"start":{"line":104,"column":45},"end":{"line":104,"column":68}}},"10":{"name":"(anonymous_12)","decl":{"start":{"line":105,"column":43},"end":{"line":105,"column":47}},"loc":{"start":{"line":105,"column":51},"end":{"line":105,"column":71}}},"11":{"name":"(anonymous_13)","decl":{"start":{"line":116,"column":2},"end":{"line":116,"column":7}},"loc":{"start":{"line":116,"column":19},"end":{"line":123,"column":3}}},"12":{"name":"(anonymous_14)","decl":{"start":{"line":125,"column":2},"end":{"line":125,"column":20}},"loc":{"start":{"line":125,"column":20},"end":{"line":141,"column":3}}}},"branchMap":{"0":{"loc":{"start":{"line":23,"column":4},"end":{"line":26,"column":5}},"type":"if","locations":[{"start":{"line":23,"column":4},"end":{"line":26,"column":5}},{"start":{},"end":{}}]},"1":{"loc":{"start":{"line":37,"column":6},"end":{"line":39,"column":7}},"type":"if","locations":[{"start":{"line":37,"column":6},"end":{"line":39,"column":7}},{"start":{},"end":{}}]},"2":{"loc":{"start":{"line":49,"column":4},"end":{"line":52,"column":5}},"type":"if","locations":[{"start":{"line":49,"column":4},"end":{"line":52,"column":5}},{"start":{},"end":{}}]},"3":{"loc":{"start":{"line":54,"column":4},"end":{"line":57,"column":5}},"type":"if","locations":[{"start":{"line":54,"column":4},"end":{"line":57,"column":5}},{"start":{},"end":{}}]},"4":{"loc":{"start":{"line":105,"column":26},"end":{"line":105,"column":86}},"type":"binary-expr","locations":[{"start":{"line":105,"column":26},"end":{"line":105,"column":79}},{"start":{"line":105,"column":83},"end":{"line":105,"column":86}}]},"5":{"loc":{"start":{"line":108,"column":4},"end":{"line":110,"column":5}},"type":"if","locations":[{"start":{"line":108,"column":4},"end":{"line":110,"column":5}},{"start":{},"end":{}}]},"6":{"loc":{"start":{"line":108,"column":8},"end":{"line":108,"column":46}},"type":"binary-expr","locations":[{"start":{"line":108,"column":8},"end":{"line":108,"column":25}},{"start":{"line":108,"column":29},"end":{"line":108,"column":46}}]},"7":{"loc":{"start":{"line":113,"column":11},"end":{"line":113,"column":34}},"type":"binary-expr","locations":[{"start":{"line":113,"column":11},"end":{"line":113,"column":20}},{"start":{"line":113,"column":24},"end":{"line":113,"column":34}}]},"8":{"loc":{"start":{"line":132,"column":17},"end":{"line":132,"column":67}},"type":"binary-expr","locations":[{"start":{"line":132,"column":17},"end":{"line":132,"column":41}},{"start":{"line":132,"column":45},"end":{"line":132,"column":67}}]},"9":{"loc":{"start":{"line":134,"column":26},"end":{"line":136,"column":14}},"type":"cond-expr","locations":[{"start":{"line":135,"column":10},"end":{"line":135,"column":62}},{"start":{"line":136,"column":10},"end":{"line":136,"column":14}}]},"10":{"loc":{"start":{"line":137,"column":24},"end":{"line":139,"column":14}},"type":"cond-expr","locations":[{"start":{"line":138,"column":10},"end":{"line":138,"column":60}},{"start":{"line":139,"column":10},"end":{"line":139,"column":14}}]},"11":{"loc":{"start":{"line":17,"column":34},"end":{"line":17,"column":null}},"type":"cond-expr","locations":[{"start":{"line":17,"column":54},"end":{"line":17,"column":null}},{"start":{"line":17,"column":54},"end":{"line":17,"column":null}}]},"12":{"loc":{"start":{"line":17,"column":34},"end":{"line":17,"column":54}},"type":"binary-expr","locations":[{"start":{"line":17,"column":34},"end":{"line":17,"column":null}},{"start":{"line":17,"column":34},"end":{"line":17,"column":54}}]}},"s":{"0":0,"1":0,"2":0,"3":0,"4":0,"5":0,"6":0,"7":0,"8":0,"9":0,"10":0,"11":0,"12":0,"13":0,"14":0,"15":0,"16":0,"17":0,"18":0,"19":0,"20":0,"21":0,"22":0,"23":0,"24":0,"25":0,"26":0,"27":0,"28":0,"29":0,"30":0,"31":0,"32":0,"33":0,"34":0,"35":0,"36":0,"37":0,"38":0,"39":0,"40":0,"41":0,"42":0,"43":0,"44":0,"45":0,"46":0,"47":0,"48":0,"49":0,"50":0,"51":0,"52":0,"53":0,"54":0},"f":{"0":0,"1":0,"2":0,"3":0,"4":0,"5":0,"6":0,"7":0,"8":0,"9":0,"10":0,"11":0,"12":0},"b":{"0":[0,0],"1":[0,0],"2":[0,0],"3":[0,0],"4":[0,0],"5":[0,0],"6":[0,0],"7":[0,0],"8":[0,0],"9":[0,0],"10":[0,0],"11":[0,0],"12":[0,0]}}
,"/Users/seinoh/Desktop/github/investie/apps/backend/src/market/market.controller.ts": {"path":"/Users/seinoh/Desktop/github/investie/apps/backend/src/market/market.controller.ts","statementMap":{"0":{"start":{"line":1,"column":0},"end":{"line":1,"column":55}},"1":{"start":{"line":2,"column":0},"end":{"line":2,"column":49}},"2":{"start":{"line":3,"column":0},"end":{"line":3,"column":62}},"3":{"start":{"line":4,"column":0},"end":{"line":4,"column":64}},"4":{"start":{"line":5,"column":0},"end":{"line":5,"column":54}},"5":{"start":{"line":9,"column":7},"end":{"line":53,"column":null}},"6":{"start":{"line":11,"column":21},"end":{"line":11,"column":36}},"7":{"start":{"line":12,"column":21},"end":{"line":12,"column":42}},"8":{"start":{"line":13,"column":21},"end":{"line":13,"column":43}},"9":{"start":{"line":14,"column":21},"end":{"line":14,"column":35}},"10":{"start":{"line":19,"column":4},"end":{"line":19,"column":49}},"11":{"start":{"line":24,"column":28},"end":{"line":24,"column":73}},"12":{"start":{"line":25,"column":23},"end":{"line":25,"column":56}},"13":{"start":{"line":27,"column":4},"end":{"line":33,"column":6}},"14":{"start":{"line":38,"column":4},"end":{"line":38,"column":49}},"15":{"start":{"line":39,"column":4},"end":{"line":42,"column":6}},"16":{"start":{"line":47,"column":4},"end":{"line":47,"column":49}},"17":{"start":{"line":48,"column":4},"end":{"line":51,"column":6}},"18":{"start":{"line":9,"column":13},"end":{"line":9,"column":29}},"19":{"start":{"line":18,"column":8},"end":{"line":20,"column":null}},"20":{"start":{"line":23,"column":8},"end":{"line":34,"column":null}},"21":{"start":{"line":37,"column":8},"end":{"line":43,"column":null}},"22":{"start":{"line":46,"column":8},"end":{"line":52,"column":null}},"23":{"start":{"line":9,"column":13},"end":{"line":53,"column":null}}},"fnMap":{"0":{"name":"(anonymous_2)","decl":{"start":{"line":10,"column":2},"end":{"line":10,"column":null}},"loc":{"start":{"line":14,"column":47},"end":{"line":15,"column":6}}},"1":{"name":"(anonymous_3)","decl":{"start":{"line":18,"column":8},"end":{"line":18,"column":24}},"loc":{"start":{"line":18,"column":24},"end":{"line":20,"column":3}}},"2":{"name":"(anonymous_4)","decl":{"start":{"line":23,"column":8},"end":{"line":23,"column":23}},"loc":{"start":{"line":23,"column":23},"end":{"line":34,"column":3}}},"3":{"name":"(anonymous_5)","decl":{"start":{"line":37,"column":8},"end":{"line":37,"column":19}},"loc":{"start":{"line":37,"column":19},"end":{"line":43,"column":3}}},"4":{"name":"(anonymous_6)","decl":{"start":{"line":46,"column":8},"end":{"line":46,"column":18}},"loc":{"start":{"line":46,"column":18},"end":{"line":52,"column":3}}}},"branchMap":{"0":{"loc":{"start":{"line":18,"column":28},"end":{"line":18,"column":null}},"type":"cond-expr","locations":[{"start":{"line":18,"column":35},"end":{"line":18,"column":null}},{"start":{"line":18,"column":35},"end":{"line":18,"column":null}}]},"1":{"loc":{"start":{"line":18,"column":28},"end":{"line":18,"column":35}},"type":"binary-expr","locations":[{"start":{"line":18,"column":28},"end":{"line":18,"column":null}},{"start":{"line":18,"column":28},"end":{"line":18,"column":35}}]},"2":{"loc":{"start":{"line":11,"column":36},"end":{"line":11,"column":null}},"type":"cond-expr","locations":[{"start":{"line":11,"column":49},"end":{"line":11,"column":null}},{"start":{"line":11,"column":49},"end":{"line":11,"column":null}}]},"3":{"loc":{"start":{"line":11,"column":36},"end":{"line":11,"column":49}},"type":"binary-expr","locations":[{"start":{"line":11,"column":36},"end":{"line":11,"column":null}},{"start":{"line":11,"column":36},"end":{"line":11,"column":49}}]},"4":{"loc":{"start":{"line":11,"column":49},"end":{"line":12,"column":null}},"type":"cond-expr","locations":[{"start":{"line":12,"column":61},"end":{"line":12,"column":null}},{"start":{"line":12,"column":61},"end":{"line":12,"column":null}}]},"5":{"loc":{"start":{"line":11,"column":49},"end":{"line":12,"column":61}},"type":"binary-expr","locations":[{"start":{"line":11,"column":49},"end":{"line":12,"column":null}},{"start":{"line":12,"column":42},"end":{"line":12,"column":61}}]},"6":{"loc":{"start":{"line":12,"column":61},"end":{"line":13,"column":null}},"type":"cond-expr","locations":[{"start":{"line":13,"column":63},"end":{"line":13,"column":null}},{"start":{"line":13,"column":63},"end":{"line":13,"column":null}}]},"7":{"loc":{"start":{"line":12,"column":61},"end":{"line":13,"column":63}},"type":"binary-expr","locations":[{"start":{"line":12,"column":61},"end":{"line":13,"column":null}},{"start":{"line":13,"column":43},"end":{"line":13,"column":63}}]},"8":{"loc":{"start":{"line":13,"column":63},"end":{"line":14,"column":null}},"type":"cond-expr","locations":[{"start":{"line":14,"column":47},"end":{"line":14,"column":null}},{"start":{"line":14,"column":47},"end":{"line":14,"column":null}}]},"9":{"loc":{"start":{"line":13,"column":63},"end":{"line":14,"column":47}},"type":"binary-expr","locations":[{"start":{"line":13,"column":63},"end":{"line":14,"column":null}},{"start":{"line":14,"column":35},"end":{"line":14,"column":47}}]}},"s":{"0":0,"1":0,"2":0,"3":0,"4":0,"5":0,"6":0,"7":0,"8":0,"9":0,"10":0,"11":0,"12":0,"13":0,"14":0,"15":0,"16":0,"17":0,"18":0,"19":0,"20":0,"21":0,"22":0,"23":0},"f":{"0":0,"1":0,"2":0,"3":0,"4":0},"b":{"0":[0,0],"1":[0,0],"2":[0,0],"3":[0,0],"4":[0,0],"5":[0,0],"6":[0,0],"7":[0,0],"8":[0,0],"9":[0,0]}}
,"/Users/seinoh/Desktop/github/investie/apps/backend/src/market/market.module.ts": {"path":"/Users/seinoh/Desktop/github/investie/apps/backend/src/market/market.module.ts","statementMap":{"0":{"start":{"line":1,"column":0},"end":{"line":1,"column":40}},"1":{"start":{"line":2,"column":0},"end":{"line":2,"column":55}},"2":{"start":{"line":3,"column":0},"end":{"line":3,"column":49}},"3":{"start":{"line":4,"column":0},"end":{"line":4,"column":64}},"4":{"start":{"line":5,"column":0},"end":{"line":5,"column":62}},"5":{"start":{"line":6,"column":0},"end":{"line":6,"column":61}},"6":{"start":{"line":7,"column":0},"end":{"line":7,"column":55}},"7":{"start":{"line":8,"column":0},"end":{"line":8,"column":52}},"8":{"start":{"line":22,"column":7},"end":{"line":22,"column":null}},"9":{"start":{"line":22,"column":13},"end":{"line":22,"column":25}},"10":{"start":{"line":22,"column":13},"end":{"line":22,"column":null}}},"fnMap":{},"branchMap":{},"s":{"0":0,"1":0,"2":0,"3":0,"4":0,"5":0,"6":0,"7":0,"8":0,"9":0,"10":0},"f":{},"b":{}}
,"/Users/seinoh/Desktop/github/investie/apps/backend/src/market/market.service.ts": {"path":"/Users/seinoh/Desktop/github/investie/apps/backend/src/market/market.service.ts","statementMap":{"0":{"start":{"line":1,"column":0},"end":{"line":1,"column":52}},"1":{"start":{"line":3,"column":0},"end":{"line":3,"column":50}},"2":{"start":{"line":4,"column":0},"end":{"line":4,"column":64}},"3":{"start":{"line":7,"column":26},"end":{"line":77,"column":null}},"4":{"start":{"line":8,"column":28},"end":{"line":8,"column":58}},"5":{"start":{"line":11,"column":12},"end":{"line":11,"column":34}},"6":{"start":{"line":15,"column":4},"end":{"line":31,"column":5}},"7":{"start":{"line":16,"column":6},"end":{"line":16,"column":86}},"8":{"start":{"line":18,"column":41},"end":{"line":21,"column":8}},"9":{"start":{"line":23,"column":24},"end":{"line":23,"column":87}},"10":{"start":{"line":24,"column":22},"end":{"line":24,"column":81}},"11":{"start":{"line":27,"column":6},"end":{"line":27,"column":63}},"12":{"start":{"line":29,"column":6},"end":{"line":29,"column":98}},"13":{"start":{"line":30,"column":6},"end":{"line":30,"column":32}},"14":{"start":{"line":38,"column":4},"end":{"line":74,"column":5}},"15":{"start":{"line":40,"column":23},"end":{"line":40,"column":41}},"16":{"start":{"line":42,"column":6},"end":{"line":70,"column":8}},"17":{"start":{"line":72,"column":6},"end":{"line":72,"column":75}},"18":{"start":{"line":73,"column":6},"end":{"line":73,"column":32}},"19":{"start":{"line":7,"column":13},"end":{"line":7,"column":26}},"20":{"start":{"line":7,"column":13},"end":{"line":77,"column":null}}},"fnMap":{"0":{"name":"(anonymous_2)","decl":{"start":{"line":10,"column":2},"end":{"line":10,"column":null}},"loc":{"start":{"line":11,"column":54},"end":{"line":12,"column":6}}},"1":{"name":"(anonymous_3)","decl":{"start":{"line":14,"column":2},"end":{"line":14,"column":7}},"loc":{"start":{"line":14,"column":18},"end":{"line":32,"column":3}}},"2":{"name":"(anonymous_4)","decl":{"start":{"line":34,"column":10},"end":{"line":34,"column":34}},"loc":{"start":{"line":36,"column":16},"end":{"line":75,"column":3}}}},"branchMap":{"0":{"loc":{"start":{"line":23,"column":24},"end":{"line":23,"column":87}},"type":"cond-expr","locations":[{"start":{"line":23,"column":62},"end":{"line":23,"column":80}},{"start":{"line":23,"column":83},"end":{"line":23,"column":87}}]},"1":{"loc":{"start":{"line":24,"column":22},"end":{"line":24,"column":81}},"type":"cond-expr","locations":[{"start":{"line":24,"column":58},"end":{"line":24,"column":74}},{"start":{"line":24,"column":77},"end":{"line":24,"column":81}}]},"2":{"loc":{"start":{"line":49,"column":17},"end":{"line":49,"column":58}},"type":"binary-expr","locations":[{"start":{"line":49,"column":17},"end":{"line":49,"column":36}},{"start":{"line":49,"column":40},"end":{"line":49,"column":58}}]},"3":{"loc":{"start":{"line":50,"column":18},"end":{"line":50,"column":61}},"type":"binary-expr","locations":[{"start":{"line":50,"column":18},"end":{"line":50,"column":38}},{"start":{"line":50,"column":42},"end":{"line":50,"column":61}}]},"4":{"loc":{"start":{"line":54,"column":17},"end":{"line":54,"column":78}},"type":"binary-expr","locations":[{"start":{"line":54,"column":17},"end":{"line":54,"column":47}},{"start":{"line":54,"column":51},"end":{"line":54,"column":78}}]},"5":{"loc":{"start":{"line":59,"column":17},"end":{"line":59,"column":60}},"type":"binary-expr","locations":[{"start":{"line":59,"column":17},"end":{"line":59,"column":38}},{"start":{"line":59,"column":42},"end":{"line":59,"column":60}}]},"6":{"loc":{"start":{"line":60,"column":26},"end":{"line":60,"column":87}},"type":"binary-expr","locations":[{"start":{"line":60,"column":26},"end":{"line":60,"column":56}},{"start":{"line":60,"column":60},"end":{"line":60,"column":87}}]},"7":{"loc":{"start":{"line":61,"column":21},"end":{"line":61,"column":72}},"type":"binary-expr","locations":[{"start":{"line":61,"column":21},"end":{"line":61,"column":46}},{"start":{"line":61,"column":50},"end":{"line":61,"column":72}}]},"8":{"loc":{"start":{"line":65,"column":17},"end":{"line":65,"column":86}},"type":"binary-expr","locations":[{"start":{"line":65,"column":17},"end":{"line":65,"column":51}},{"start":{"line":65,"column":55},"end":{"line":65,"column":86}}]},"9":{"loc":{"start":{"line":66,"column":26},"end":{"line":66,"column":113}},"type":"binary-expr","locations":[{"start":{"line":66,"column":26},"end":{"line":66,"column":69}},{"start":{"line":66,"column":73},"end":{"line":66,"column":113}}]},"10":{"loc":{"start":{"line":69,"column":24},"end":{"line":69,"column":76}},"type":"binary-expr","locations":[{"start":{"line":69,"column":24},"end":{"line":69,"column":49}},{"start":{"line":69,"column":53},"end":{"line":69,"column":76}}]},"11":{"loc":{"start":{"line":11,"column":34},"end":{"line":11,"column":null}},"type":"cond-expr","locations":[{"start":{"line":11,"column":54},"end":{"line":11,"column":null}},{"start":{"line":11,"column":54},"end":{"line":11,"column":null}}]},"12":{"loc":{"start":{"line":11,"column":34},"end":{"line":11,"column":54}},"type":"binary-expr","locations":[{"start":{"line":11,"column":34},"end":{"line":11,"column":null}},{"start":{"line":11,"column":34},"end":{"line":11,"column":54}}]}},"s":{"0":0,"1":0,"2":0,"3":0,"4":0,"5":0,"6":0,"7":0,"8":0,"9":0,"10":0,"11":0,"12":0,"13":0,"14":0,"15":0,"16":0,"17":0,"18":0,"19":0,"20":0},"f":{"0":0,"1":0,"2":0},"b":{"0":[0,0],"1":[0,0],"2":[0,0],"3":[0,0],"4":[0,0],"5":[0,0],"6":[0,0],"7":[0,0],"8":[0,0],"9":[0,0],"10":[0,0],"11":[0,0],"12":[0,0]}}
,"/Users/seinoh/Desktop/github/investie/apps/backend/src/services/fred.service.ts": {"path":"/Users/seinoh/Desktop/github/investie/apps/backend/src/services/fred.service.ts","statementMap":{"0":{"start":{"line":1,"column":0},"end":{"line":1,"column":52}},"1":{"start":{"line":2,"column":0},"end":{"line":2,"column":45}},"2":{"start":{"line":5,"column":24},"end":{"line":107,"column":null}},"3":{"start":{"line":6,"column":28},"end":{"line":6,"column":56}},"4":{"start":{"line":8,"column":29},"end":{"line":8,"column":62}},"5":{"start":{"line":11,"column":4},"end":{"line":14,"column":7}},"6":{"start":{"line":18,"column":4},"end":{"line":35,"column":5}},"7":{"start":{"line":19,"column":6},"end":{"line":19,"column":72}},"8":{"start":{"line":21,"column":23},"end":{"line":29,"column":8}},"9":{"start":{"line":31,"column":6},"end":{"line":31,"column":27}},"10":{"start":{"line":33,"column":6},"end":{"line":33,"column":80}},"11":{"start":{"line":34,"column":6},"end":{"line":34,"column":18}},"12":{"start":{"line":39,"column":4},"end":{"line":52,"column":5}},"13":{"start":{"line":40,"column":19},"end":{"line":40,"column":57}},"14":{"start":{"line":41,"column":32},"end":{"line":41,"column":54}},"15":{"start":{"line":43,"column":6},"end":{"line":48,"column":8}},"16":{"start":{"line":50,"column":6},"end":{"line":50,"column":68}},"17":{"start":{"line":51,"column":6},"end":{"line":51,"column":18}},"18":{"start":{"line":56,"column":4},"end":{"line":69,"column":5}},"19":{"start":{"line":57,"column":19},"end":{"line":57,"column":57}},"20":{"start":{"line":58,"column":32},"end":{"line":58,"column":54}},"21":{"start":{"line":60,"column":6},"end":{"line":65,"column":8}},"22":{"start":{"line":67,"column":6},"end":{"line":67,"column":78}},"23":{"start":{"line":68,"column":6},"end":{"line":68,"column":18}},"24":{"start":{"line":73,"column":4},"end":{"line":86,"column":5}},"25":{"start":{"line":74,"column":19},"end":{"line":74,"column":55}},"26":{"start":{"line":75,"column":32},"end":{"line":75,"column":54}},"27":{"start":{"line":77,"column":6},"end":{"line":82,"column":8}},"28":{"start":{"line":84,"column":6},"end":{"line":84,"column":82}},"29":{"start":{"line":85,"column":6},"end":{"line":85,"column":18}},"30":{"start":{"line":90,"column":4},"end":{"line":105,"column":5}},"31":{"start":{"line":91,"column":52},"end":{"line":95,"column":8}},"32":{"start":{"line":97,"column":6},"end":{"line":101,"column":8}},"33":{"start":{"line":103,"column":6},"end":{"line":103,"column":79}},"34":{"start":{"line":104,"column":6},"end":{"line":104,"column":18}},"35":{"start":{"line":5,"column":13},"end":{"line":5,"column":24}},"36":{"start":{"line":5,"column":13},"end":{"line":107,"column":null}}},"fnMap":{"0":{"name":"(anonymous_3)","decl":{"start":{"line":10,"column":2},"end":{"line":10,"column":null}},"loc":{"start":{"line":10,"column":2},"end":{"line":15,"column":3}}},"1":{"name":"(anonymous_4)","decl":{"start":{"line":17,"column":10},"end":{"line":17,"column":15}},"loc":{"start":{"line":17,"column":67},"end":{"line":36,"column":3}}},"2":{"name":"(anonymous_5)","decl":{"start":{"line":38,"column":2},"end":{"line":38,"column":7}},"loc":{"start":{"line":38,"column":14},"end":{"line":53,"column":3}}},"3":{"name":"(anonymous_6)","decl":{"start":{"line":55,"column":2},"end":{"line":55,"column":7}},"loc":{"start":{"line":55,"column":23},"end":{"line":70,"column":3}}},"4":{"name":"(anonymous_7)","decl":{"start":{"line":72,"column":2},"end":{"line":72,"column":7}},"loc":{"start":{"line":72,"column":27},"end":{"line":87,"column":3}}},"5":{"name":"(anonymous_8)","decl":{"start":{"line":89,"column":2},"end":{"line":89,"column":7}},"loc":{"start":{"line":89,"column":32},"end":{"line":106,"column":3}}}},"branchMap":{"0":{"loc":{"start":{"line":17,"column":50},"end":{"line":17,"column":67}},"type":"default-arg","locations":[{"start":{"line":17,"column":66},"end":{"line":17,"column":67}}]},"1":{"loc":{"start":{"line":44,"column":15},"end":{"line":44,"column":56}},"type":"binary-expr","locations":[{"start":{"line":44,"column":15},"end":{"line":44,"column":51}},{"start":{"line":44,"column":55},"end":{"line":44,"column":56}}]},"2":{"loc":{"start":{"line":61,"column":15},"end":{"line":61,"column":56}},"type":"binary-expr","locations":[{"start":{"line":61,"column":15},"end":{"line":61,"column":51}},{"start":{"line":61,"column":55},"end":{"line":61,"column":56}}]},"3":{"loc":{"start":{"line":78,"column":15},"end":{"line":78,"column":56}},"type":"binary-expr","locations":[{"start":{"line":78,"column":15},"end":{"line":78,"column":51}},{"start":{"line":78,"column":55},"end":{"line":78,"column":56}}]},"4":{"loc":{"start":{"line":98,"column":13},"end":{"line":98,"column":58}},"type":"cond-expr","locations":[{"start":{"line":98,"column":42},"end":{"line":98,"column":51}},{"start":{"line":98,"column":54},"end":{"line":98,"column":58}}]},"5":{"loc":{"start":{"line":99,"column":22},"end":{"line":99,"column":85}},"type":"cond-expr","locations":[{"start":{"line":99,"column":60},"end":{"line":99,"column":78}},{"start":{"line":99,"column":81},"end":{"line":99,"column":85}}]},"6":{"loc":{"start":{"line":100,"column":26},"end":{"line":100,"column":97}},"type":"cond-expr","locations":[{"start":{"line":100,"column":68},"end":{"line":100,"column":90}},{"start":{"line":100,"column":93},"end":{"line":100,"column":97}}]}},"s":{"0":0,"1":0,"2":0,"3":0,"4":0,"5":0,"6":0,"7":0,"8":0,"9":0,"10":0,"11":0,"12":0,"13":0,"14":0,"15":0,"16":0,"17":0,"18":0,"19":0,"20":0,"21":0,"22":0,"23":0,"24":0,"25":0,"26":0,"27":0,"28":0,"29":0,"30":0,"31":0,"32":0,"33":0,"34":0,"35":0,"36":0},"f":{"0":0,"1":0,"2":0,"3":0,"4":0,"5":0},"b":{"0":[0],"1":[0,0],"2":[0,0],"3":[0,0],"4":[0,0],"5":[0,0],"6":[0,0]}}
,"/Users/seinoh/Desktop/github/investie/apps/backend/src/services/serpapi.service.ts": {"path":"/Users/seinoh/Desktop/github/investie/apps/backend/src/services/serpapi.service.ts","statementMap":{"0":{"start":{"line":1,"column":0},"end":{"line":1,"column":52}},"1":{"start":{"line":2,"column":0},"end":{"line":2,"column":34}},"2":{"start":{"line":5,"column":27},"end":{"line":83,"column":null}},"3":{"start":{"line":6,"column":28},"end":{"line":6,"column":59}},"4":{"start":{"line":9,"column":4},"end":{"line":24,"column":5}},"5":{"start":{"line":10,"column":20},"end":{"line":10,"column":43}},"6":{"start":{"line":11,"column":6},"end":{"line":11,"column":58}},"7":{"start":{"line":13,"column":21},"end":{"line":18,"column":8}},"8":{"start":{"line":20,"column":6},"end":{"line":20,"column":20}},"9":{"start":{"line":22,"column":6},"end":{"line":22,"column":84}},"10":{"start":{"line":23,"column":6},"end":{"line":23,"column":18}},"11":{"start":{"line":28,"column":4},"end":{"line":42,"column":5}},"12":{"start":{"line":29,"column":6},"end":{"line":29,"column":61}},"13":{"start":{"line":31,"column":21},"end":{"line":36,"column":8}},"14":{"start":{"line":38,"column":6},"end":{"line":38,"column":20}},"15":{"start":{"line":40,"column":6},"end":{"line":40,"column":86}},"16":{"start":{"line":41,"column":6},"end":{"line":41,"column":18}},"17":{"start":{"line":46,"column":4},"end":{"line":62,"column":5}},"18":{"start":{"line":47,"column":6},"end":{"line":47,"column":71}},"19":{"start":{"line":49,"column":21},"end":{"line":56,"column":8}},"20":{"start":{"line":58,"column":6},"end":{"line":58,"column":20}},"21":{"start":{"line":60,"column":6},"end":{"line":60,"column":84}},"22":{"start":{"line":61,"column":6},"end":{"line":61,"column":18}},"23":{"start":{"line":66,"column":4},"end":{"line":81,"column":5}},"24":{"start":{"line":67,"column":6},"end":{"line":67,"column":53}},"25":{"start":{"line":69,"column":21},"end":{"line":75,"column":8}},"26":{"start":{"line":77,"column":6},"end":{"line":77,"column":32}},"27":{"start":{"line":79,"column":6},"end":{"line":79,"column":78}},"28":{"start":{"line":80,"column":6},"end":{"line":80,"column":16}},"29":{"start":{"line":5,"column":13},"end":{"line":5,"column":27}},"30":{"start":{"line":5,"column":13},"end":{"line":83,"column":null}}},"fnMap":{"0":{"name":"(anonymous_1)","decl":{"start":{"line":8,"column":2},"end":{"line":8,"column":7}},"loc":{"start":{"line":8,"column":64},"end":{"line":25,"column":3}}},"1":{"name":"(anonymous_2)","decl":{"start":{"line":27,"column":2},"end":{"line":27,"column":7}},"loc":{"start":{"line":27,"column":37},"end":{"line":43,"column":3}}},"2":{"name":"(anonymous_3)","decl":{"start":{"line":45,"column":2},"end":{"line":45,"column":7}},"loc":{"start":{"line":45,"column":83},"end":{"line":63,"column":3}}},"3":{"name":"(anonymous_4)","decl":{"start":{"line":65,"column":2},"end":{"line":65,"column":7}},"loc":{"start":{"line":65,"column":35},"end":{"line":82,"column":3}}}},"branchMap":{"0":{"loc":{"start":{"line":8,"column":37},"end":{"line":8,"column":64}},"type":"default-arg","locations":[{"start":{"line":8,"column":56},"end":{"line":8,"column":64}}]},"1":{"loc":{"start":{"line":45,"column":37},"end":{"line":45,"column":58}},"type":"default-arg","locations":[{"start":{"line":45,"column":54},"end":{"line":45,"column":58}}]},"2":{"loc":{"start":{"line":45,"column":60},"end":{"line":45,"column":83}},"type":"default-arg","locations":[{"start":{"line":45,"column":79},"end":{"line":45,"column":83}}]},"3":{"loc":{"start":{"line":77,"column":13},"end":{"line":77,"column":31}},"type":"binary-expr","locations":[{"start":{"line":77,"column":13},"end":{"line":77,"column":25}},{"start":{"line":77,"column":29},"end":{"line":77,"column":31}}]}},"s":{"0":0,"1":0,"2":0,"3":0,"4":0,"5":0,"6":0,"7":0,"8":0,"9":0,"10":0,"11":0,"12":0,"13":0,"14":0,"15":0,"16":0,"17":0,"18":0,"19":0,"20":0,"21":0,"22":0,"23":0,"24":0,"25":0,"26":0,"27":0,"28":0,"29":0,"30":0},"f":{"0":0,"1":0,"2":0,"3":0},"b":{"0":[0],"1":[0],"2":[0],"3":[0,0]}}
,"/Users/seinoh/Desktop/github/investie/apps/backend/src/stocks/stocks.controller.ts": {"path":"/Users/seinoh/Desktop/github/investie/apps/backend/src/stocks/stocks.controller.ts","statementMap":{"0":{"start":{"line":1,"column":0},"end":{"line":1,"column":56}},"1":{"start":{"line":2,"column":0},"end":{"line":2,"column":49}},"2":{"start":{"line":6,"column":7},"end":{"line":18,"column":null}},"3":{"start":{"line":7,"column":31},"end":{"line":7,"column":46}},"4":{"start":{"line":11,"column":4},"end":{"line":11,"column":51}},"5":{"start":{"line":16,"column":4},"end":{"line":16,"column":53}},"6":{"start":{"line":6,"column":13},"end":{"line":6,"column":29}},"7":{"start":{"line":10,"column":8},"end":{"line":12,"column":null}},"8":{"start":{"line":15,"column":8},"end":{"line":17,"column":null}},"9":{"start":{"line":6,"column":13},"end":{"line":18,"column":null}}},"fnMap":{"0":{"name":"(anonymous_4)","decl":{"start":{"line":7,"column":2},"end":{"line":7,"column":31}},"loc":{"start":{"line":7,"column":59},"end":{"line":7,"column":63}}},"1":{"name":"(anonymous_5)","decl":{"start":{"line":10,"column":8},"end":{"line":10,"column":20}},"loc":{"start":{"line":10,"column":20},"end":{"line":12,"column":3}}},"2":{"name":"(anonymous_6)","decl":{"start":{"line":15,"column":8},"end":{"line":15,"column":16}},"loc":{"start":{"line":15,"column":53},"end":{"line":17,"column":3}}}},"branchMap":{"0":{"loc":{"start":{"line":10,"column":24},"end":{"line":10,"column":null}},"type":"cond-expr","locations":[{"start":{"line":10,"column":31},"end":{"line":10,"column":null}},{"start":{"line":10,"column":31},"end":{"line":10,"column":null}}]},"1":{"loc":{"start":{"line":10,"column":24},"end":{"line":10,"column":31}},"type":"binary-expr","locations":[{"start":{"line":10,"column":24},"end":{"line":10,"column":null}},{"start":{"line":10,"column":24},"end":{"line":10,"column":31}}]},"2":{"loc":{"start":{"line":15,"column":56},"end":{"line":15,"column":null}},"type":"cond-expr","locations":[{"start":{"line":15,"column":63},"end":{"line":15,"column":null}},{"start":{"line":15,"column":63},"end":{"line":15,"column":null}}]},"3":{"loc":{"start":{"line":15,"column":56},"end":{"line":15,"column":63}},"type":"binary-expr","locations":[{"start":{"line":15,"column":56},"end":{"line":15,"column":null}},{"start":{"line":15,"column":56},"end":{"line":15,"column":63}}]},"4":{"loc":{"start":{"line":7,"column":46},"end":{"line":7,"column":62}},"type":"cond-expr","locations":[{"start":{"line":7,"column":59},"end":{"line":7,"column":62}},{"start":{"line":7,"column":59},"end":{"line":7,"column":62}}]},"5":{"loc":{"start":{"line":7,"column":46},"end":{"line":7,"column":59}},"type":"binary-expr","locations":[{"start":{"line":7,"column":46},"end":{"line":7,"column":62}},{"start":{"line":7,"column":46},"end":{"line":7,"column":59}}]}},"s":{"0":0,"1":0,"2":0,"3":0,"4":0,"5":0,"6":0,"7":0,"8":0,"9":0},"f":{"0":0,"1":0,"2":0},"b":{"0":[0,0],"1":[0,0],"2":[0,0],"3":[0,0],"4":[0,0],"5":[0,0]}}
,"/Users/seinoh/Desktop/github/investie/apps/backend/src/stocks/stocks.module.ts": {"path":"/Users/seinoh/Desktop/github/investie/apps/backend/src/stocks/stocks.module.ts","statementMap":{"0":{"start":{"line":1,"column":0},"end":{"line":1,"column":40}},"1":{"start":{"line":2,"column":0},"end":{"line":2,"column":55}},"2":{"start":{"line":3,"column":0},"end":{"line":3,"column":49}},"3":{"start":{"line":4,"column":0},"end":{"line":4,"column":61}},"4":{"start":{"line":11,"column":7},"end":{"line":11,"column":null}},"5":{"start":{"line":11,"column":13},"end":{"line":11,"column":25}},"6":{"start":{"line":11,"column":13},"end":{"line":11,"column":null}}},"fnMap":{},"branchMap":{},"s":{"0":0,"1":0,"2":0,"3":0,"4":0,"5":0,"6":0},"f":{},"b":{}}
,"/Users/seinoh/Desktop/github/investie/apps/backend/src/stocks/stocks.service.ts": {"path":"/Users/seinoh/Desktop/github/investie/apps/backend/src/stocks/stocks.service.ts","statementMap":{"0":{"start":{"line":1,"column":0},"end":{"line":1,"column":52}},"1":{"start":{"line":3,"column":0},"end":{"line":3,"column":56}},"2":{"start":{"line":4,"column":0},"end":{"line":4,"column":61}},"3":{"start":{"line":7,"column":26},"end":{"line":194,"column":null}},"4":{"start":{"line":8,"column":28},"end":{"line":8,"column":58}},"5":{"start":{"line":10,"column":22},"end":{"line":10,"column":38}},"6":{"start":{"line":13,"column":35},"end":{"line":13,"column":115}},"7":{"start":{"line":15,"column":4},"end":{"line":29,"column":5}},"8":{"start":{"line":16,"column":6},"end":{"line":16,"column":60}},"9":{"start":{"line":18,"column":28},"end":{"line":18,"column":76}},"10":{"start":{"line":18,"column":50},"end":{"line":18,"column":75}},"11":{"start":{"line":19,"column":22},"end":{"line":19,"column":61}},"12":{"start":{"line":21,"column":6},"end":{"line":25,"column":37}},"13":{"start":{"line":23,"column":10},"end":{"line":23,"column":64}},"14":{"start":{"line":25,"column":23},"end":{"line":25,"column":35}},"15":{"start":{"line":27,"column":6},"end":{"line":27,"column":87}},"16":{"start":{"line":28,"column":6},"end":{"line":28,"column":28}},"17":{"start":{"line":33,"column":4},"end":{"line":39,"column":5}},"18":{"start":{"line":34,"column":6},"end":{"line":34,"column":45}},"19":{"start":{"line":36,"column":6},"end":{"line":36,"column":86}},"20":{"start":{"line":37,"column":23},"end":{"line":37,"column":39}},"21":{"start":{"line":38,"column":6},"end":{"line":38,"column":30}},"22":{"start":{"line":43,"column":4},"end":{"line":49,"column":5}},"23":{"start":{"line":44,"column":6},"end":{"line":44,"column":71}},"24":{"start":{"line":45,"column":6},"end":{"line":45,"column":80}},"25":{"start":{"line":47,"column":6},"end":{"line":47,"column":79}},"26":{"start":{"line":48,"column":6},"end":{"line":48,"column":18}},"27":{"start":{"line":53,"column":4},"end":{"line":67,"column":5}},"28":{"start":{"line":54,"column":36},"end":{"line":57,"column":8}},"29":{"start":{"line":59,"column":20},"end":{"line":59,"column":77}},"30":{"start":{"line":60,"column":19},"end":{"line":60,"column":72}},"31":{"start":{"line":62,"column":6},"end":{"line":62,"column":64}},"32":{"start":{"line":64,"column":6},"end":{"line":64,"column":78}},"33":{"start":{"line":65,"column":23},"end":{"line":65,"column":39}},"34":{"start":{"line":66,"column":6},"end":{"line":66,"column":30}},"35":{"start":{"line":71,"column":4},"end":{"line":109,"column":5}},"36":{"start":{"line":73,"column":24},"end":{"line":73,"column":40}},"37":{"start":{"line":74,"column":6},"end":{"line":77,"column":7}},"38":{"start":{"line":75,"column":8},"end":{"line":75,"column":66}},"39":{"start":{"line":76,"column":8},"end":{"line":76,"column":20}},"40":{"start":{"line":79,"column":6},"end":{"line":104,"column":8}},"41":{"start":{"line":106,"column":6},"end":{"line":106,"column":82}},"42":{"start":{"line":107,"column":23},"end":{"line":107,"column":39}},"43":{"start":{"line":108,"column":6},"end":{"line":108,"column":30}},"44":{"start":{"line":113,"column":4},"end":{"line":117,"column":5}},"45":{"start":{"line":114,"column":6},"end":{"line":114,"column":64}},"46":{"start":{"line":116,"column":6},"end":{"line":116,"column":18}},"47":{"start":{"line":121,"column":4},"end":{"line":125,"column":5}},"48":{"start":{"line":122,"column":6},"end":{"line":122,"column":66}},"49":{"start":{"line":124,"column":6},"end":{"line":124,"column":18}},"50":{"start":{"line":129,"column":4},"end":{"line":133,"column":5}},"51":{"start":{"line":130,"column":6},"end":{"line":130,"column":82}},"52":{"start":{"line":132,"column":6},"end":{"line":132,"column":18}},"53":{"start":{"line":137,"column":4},"end":{"line":141,"column":5}},"54":{"start":{"line":138,"column":6},"end":{"line":138,"column":67}},"55":{"start":{"line":140,"column":6},"end":{"line":140,"column":18}},"56":{"start":{"line":145,"column":4},"end":{"line":149,"column":5}},"57":{"start":{"line":146,"column":6},"end":{"line":146,"column":63}},"58":{"start":{"line":148,"column":6},"end":{"line":148,"column":18}},"59":{"start":{"line":153,"column":4},"end":{"line":157,"column":5}},"60":{"start":{"line":154,"column":6},"end":{"line":154,"column":59}},"61":{"start":{"line":156,"column":6},"end":{"line":156,"column":18}},"62":{"start":{"line":161,"column":4},"end":{"line":161,"column":38}},"63":{"start":{"line":161,"column":26},"end":{"line":161,"column":38}},"64":{"start":{"line":163,"column":4},"end":{"line":175,"column":5}},"65":{"start":{"line":165,"column":21},"end":{"line":165,"column":60}},"66":{"start":{"line":166,"column":18},"end":{"line":166,"column":36}},"67":{"start":{"line":167,"column":6},"end":{"line":167,"column":34}},"68":{"start":{"line":167,"column":22},"end":{"line":167,"column":34}},"69":{"start":{"line":169,"column":6},"end":{"line":169,"column":68}},"70":{"start":{"line":169,"column":41},"end":{"line":169,"column":68}},"71":{"start":{"line":170,"column":6},"end":{"line":170,"column":65}},"72":{"start":{"line":170,"column":41},"end":{"line":170,"column":65}},"73":{"start":{"line":171,"column":6},"end":{"line":171,"column":62}},"74":{"start":{"line":171,"column":41},"end":{"line":171,"column":62}},"75":{"start":{"line":172,"column":6},"end":{"line":172,"column":17}},"76":{"start":{"line":174,"column":6},"end":{"line":174,"column":18}},"77":{"start":{"line":179,"column":4},"end":{"line":192,"column":5}},"78":{"start":{"line":180,"column":6},"end":{"line":182,"column":7}},"79":{"start":{"line":181,"column":8},"end":{"line":181,"column":20}},"80":{"start":{"line":184,"column":24},"end":{"line":184,"column":35}},"81":{"start":{"line":185,"column":6},"end":{"line":189,"column":8}},"82":{"start":{"line":191,"column":6},"end":{"line":191,"column":18}},"83":{"start":{"line":7,"column":13},"end":{"line":7,"column":26}},"84":{"start":{"line":7,"column":13},"end":{"line":194,"column":null}}},"fnMap":{"0":{"name":"(anonymous_2)","decl":{"start":{"line":10,"column":2},"end":{"line":10,"column":22}},"loc":{"start":{"line":10,"column":52},"end":{"line":10,"column":56}}},"1":{"name":"(anonymous_3)","decl":{"start":{"line":12,"column":2},"end":{"line":12,"column":7}},"loc":{"start":{"line":12,"column":20},"end":{"line":30,"column":3}}},"2":{"name":"(anonymous_4)","decl":{"start":{"line":18,"column":40},"end":{"line":18,"column":46}},"loc":{"start":{"line":18,"column":50},"end":{"line":18,"column":75}}},"3":{"name":"(anonymous_5)","decl":{"start":{"line":22,"column":16},"end":{"line":22,"column":17}},"loc":{"start":{"line":23,"column":10},"end":{"line":23,"column":64}}},"4":{"name":"(anonymous_6)","decl":{"start":{"line":25,"column":13},"end":{"line":25,"column":19}},"loc":{"start":{"line":25,"column":23},"end":{"line":25,"column":35}}},"5":{"name":"(anonymous_7)","decl":{"start":{"line":32,"column":2},"end":{"line":32,"column":7}},"loc":{"start":{"line":32,"column":36},"end":{"line":40,"column":3}}},"6":{"name":"(anonymous_8)","decl":{"start":{"line":42,"column":2},"end":{"line":42,"column":7}},"loc":{"start":{"line":42,"column":64},"end":{"line":50,"column":3}}},"7":{"name":"(anonymous_9)","decl":{"start":{"line":52,"column":10},"end":{"line":52,"column":15}},"loc":{"start":{"line":52,"column":48},"end":{"line":68,"column":3}}},"8":{"name":"(anonymous_10)","decl":{"start":{"line":70,"column":10},"end":{"line":70,"column":34}},"loc":{"start":{"line":70,"column":87},"end":{"line":110,"column":3}}},"9":{"name":"(anonymous_11)","decl":{"start":{"line":112,"column":10},"end":{"line":112,"column":22}},"loc":{"start":{"line":112,"column":32},"end":{"line":118,"column":3}}},"10":{"name":"(anonymous_12)","decl":{"start":{"line":120,"column":10},"end":{"line":120,"column":23}},"loc":{"start":{"line":120,"column":33},"end":{"line":126,"column":3}}},"11":{"name":"(anonymous_13)","decl":{"start":{"line":128,"column":10},"end":{"line":128,"column":30}},"loc":{"start":{"line":128,"column":40},"end":{"line":134,"column":3}}},"12":{"name":"(anonymous_14)","decl":{"start":{"line":136,"column":10},"end":{"line":136,"column":26}},"loc":{"start":{"line":136,"column":36},"end":{"line":142,"column":3}}},"13":{"name":"(anonymous_15)","decl":{"start":{"line":144,"column":10},"end":{"line":144,"column":19}},"loc":{"start":{"line":144,"column":29},"end":{"line":150,"column":3}}},"14":{"name":"(anonymous_16)","decl":{"start":{"line":152,"column":10},"end":{"line":152,"column":23}},"loc":{"start":{"line":152,"column":33},"end":{"line":158,"column":3}}},"15":{"name":"(anonymous_17)","decl":{"start":{"line":160,"column":10},"end":{"line":160,"column":24}},"loc":{"start":{"line":160,"column":55},"end":{"line":176,"column":3}}},"16":{"name":"(anonymous_18)","decl":{"start":{"line":178,"column":10},"end":{"line":178,"column":32}},"loc":{"start":{"line":178,"column":48},"end":{"line":193,"column":3}}}},"branchMap":{"0":{"loc":{"start":{"line":23,"column":10},"end":{"line":23,"column":64}},"type":"binary-expr","locations":[{"start":{"line":23,"column":10},"end":{"line":23,"column":39}},{"start":{"line":23,"column":43},"end":{"line":23,"column":64}}]},"1":{"loc":{"start":{"line":38,"column":13},"end":{"line":38,"column":29}},"type":"binary-expr","locations":[{"start":{"line":38,"column":13},"end":{"line":38,"column":21}},{"start":{"line":38,"column":25},"end":{"line":38,"column":29}}]},"2":{"loc":{"start":{"line":42,"column":43},"end":{"line":42,"column":64}},"type":"default-arg","locations":[{"start":{"line":42,"column":60},"end":{"line":42,"column":64}}]},"3":{"loc":{"start":{"line":59,"column":20},"end":{"line":59,"column":77}},"type":"cond-expr","locations":[{"start":{"line":59,"column":55},"end":{"line":59,"column":70}},{"start":{"line":59,"column":73},"end":{"line":59,"column":77}}]},"4":{"loc":{"start":{"line":60,"column":19},"end":{"line":60,"column":72}},"type":"cond-expr","locations":[{"start":{"line":60,"column":53},"end":{"line":60,"column":67}},{"start":{"line":60,"column":70},"end":{"line":60,"column":72}}]},"5":{"loc":{"start":{"line":66,"column":13},"end":{"line":66,"column":29}},"type":"binary-expr","locations":[{"start":{"line":66,"column":13},"end":{"line":66,"column":21}},{"start":{"line":66,"column":25},"end":{"line":66,"column":29}}]},"6":{"loc":{"start":{"line":74,"column":6},"end":{"line":77,"column":7}},"type":"if","locations":[{"start":{"line":74,"column":6},"end":{"line":77,"column":7}},{"start":{},"end":{}}]},"7":{"loc":{"start":{"line":81,"column":14},"end":{"line":81,"column":57}},"type":"binary-expr","locations":[{"start":{"line":81,"column":14},"end":{"line":81,"column":39}},{"start":{"line":81,"column":43},"end":{"line":81,"column":57}}]},"8":{"loc":{"start":{"line":83,"column":19},"end":{"line":83,"column":74}},"type":"binary-expr","locations":[{"start":{"line":83,"column":19},"end":{"line":83,"column":47}},{"start":{"line":83,"column":51},"end":{"line":83,"column":74}}]},"9":{"loc":{"start":{"line":84,"column":18},"end":{"line":84,"column":73}},"type":"binary-expr","locations":[{"start":{"line":84,"column":18},"end":{"line":84,"column":47}},{"start":{"line":84,"column":51},"end":{"line":84,"column":73}}]},"10":{"loc":{"start":{"line":85,"column":25},"end":{"line":85,"column":94}},"type":"binary-expr","locations":[{"start":{"line":85,"column":25},"end":{"line":85,"column":61}},{"start":{"line":85,"column":65},"end":{"line":85,"column":94}}]},"11":{"loc":{"start":{"line":90,"column":14},"end":{"line":90,"column":68}},"type":"binary-expr","locations":[{"start":{"line":90,"column":14},"end":{"line":90,"column":39}},{"start":{"line":90,"column":43},"end":{"line":90,"column":68}}]},"12":{"loc":{"start":{"line":91,"column":21},"end":{"line":91,"column":110}},"type":"binary-expr","locations":[{"start":{"line":91,"column":21},"end":{"line":91,"column":74}},{"start":{"line":91,"column":78},"end":{"line":91,"column":110}}]},"13":{"loc":{"start":{"line":92,"column":18},"end":{"line":92,"column":80}},"type":"binary-expr","locations":[{"start":{"line":92,"column":18},"end":{"line":92,"column":47}},{"start":{"line":92,"column":51},"end":{"line":92,"column":80}}]},"14":{"loc":{"start":{"line":102,"column":21},"end":{"line":102,"column":83}},"type":"binary-expr","locations":[{"start":{"line":102,"column":21},"end":{"line":102,"column":58}},{"start":{"line":102,"column":62},"end":{"line":102,"column":83}}]},"15":{"loc":{"start":{"line":108,"column":13},"end":{"line":108,"column":29}},"type":"binary-expr","locations":[{"start":{"line":108,"column":13},"end":{"line":108,"column":21}},{"start":{"line":108,"column":25},"end":{"line":108,"column":29}}]},"16":{"loc":{"start":{"line":114,"column":13},"end":{"line":114,"column":63}},"type":"binary-expr","locations":[{"start":{"line":114,"column":13},"end":{"line":114,"column":40}},{"start":{"line":114,"column":44},"end":{"line":114,"column":55}},{"start":{"line":114,"column":59},"end":{"line":114,"column":63}}]},"17":{"loc":{"start":{"line":122,"column":13},"end":{"line":122,"column":65}},"type":"binary-expr","locations":[{"start":{"line":122,"column":13},"end":{"line":122,"column":41}},{"start":{"line":122,"column":45},"end":{"line":122,"column":57}},{"start":{"line":122,"column":61},"end":{"line":122,"column":65}}]},"18":{"loc":{"start":{"line":130,"column":13},"end":{"line":130,"column":81}},"type":"binary-expr","locations":[{"start":{"line":130,"column":13},"end":{"line":130,"column":49}},{"start":{"line":130,"column":53},"end":{"line":130,"column":73}},{"start":{"line":130,"column":77},"end":{"line":130,"column":81}}]},"19":{"loc":{"start":{"line":138,"column":13},"end":{"line":138,"column":66}},"type":"binary-expr","locations":[{"start":{"line":138,"column":13},"end":{"line":138,"column":38}},{"start":{"line":138,"column":42},"end":{"line":138,"column":58}},{"start":{"line":138,"column":62},"end":{"line":138,"column":66}}]},"20":{"loc":{"start":{"line":146,"column":13},"end":{"line":146,"column":62}},"type":"binary-expr","locations":[{"start":{"line":146,"column":13},"end":{"line":146,"column":36}},{"start":{"line":146,"column":40},"end":{"line":146,"column":54}},{"start":{"line":146,"column":58},"end":{"line":146,"column":62}}]},"21":{"loc":{"start":{"line":154,"column":13},"end":{"line":154,"column":58}},"type":"binary-expr","locations":[{"start":{"line":154,"column":13},"end":{"line":154,"column":34}},{"start":{"line":154,"column":38},"end":{"line":154,"column":50}},{"start":{"line":154,"column":54},"end":{"line":154,"column":58}}]},"22":{"loc":{"start":{"line":161,"column":4},"end":{"line":161,"column":38}},"type":"if","locations":[{"start":{"line":161,"column":4},"end":{"line":161,"column":38}},{"start":{},"end":{}}]},"23":{"loc":{"start":{"line":167,"column":6},"end":{"line":167,"column":34}},"type":"if","locations":[{"start":{"line":167,"column":6},"end":{"line":167,"column":34}},{"start":{},"end":{}}]},"24":{"loc":{"start":{"line":169,"column":6},"end":{"line":169,"column":68}},"type":"if","locations":[{"start":{"line":169,"column":6},"end":{"line":169,"column":68}},{"start":{},"end":{}}]},"25":{"loc":{"start":{"line":170,"column":6},"end":{"line":170,"column":65}},"type":"if","locations":[{"start":{"line":170,"column":6},"end":{"line":170,"column":65}},{"start":{},"end":{}}]},"26":{"loc":{"start":{"line":171,"column":6},"end":{"line":171,"column":62}},"type":"if","locations":[{"start":{"line":171,"column":6},"end":{"line":171,"column":62}},{"start":{},"end":{}}]},"27":{"loc":{"start":{"line":180,"column":6},"end":{"line":182,"column":7}},"type":"if","locations":[{"start":{"line":180,"column":6},"end":{"line":182,"column":7}},{"start":{},"end":{}}]},"28":{"loc":{"start":{"line":180,"column":10},"end":{"line":180,"column":59}},"type":"binary-expr","locations":[{"start":{"line":180,"column":10},"end":{"line":180,"column":34}},{"start":{"line":180,"column":38},"end":{"line":180,"column":59}}]},"29":{"loc":{"start":{"line":186,"column":18},"end":{"line":186,"column":52}},"type":"binary-expr","locations":[{"start":{"line":186,"column":18},"end":{"line":186,"column":33}},{"start":{"line":186,"column":37},"end":{"line":186,"column":52}}]},"30":{"loc":{"start":{"line":10,"column":38},"end":{"line":10,"column":55}},"type":"cond-expr","locations":[{"start":{"line":10,"column":52},"end":{"line":10,"column":55}},{"start":{"line":10,"column":52},"end":{"line":10,"column":55}}]},"31":{"loc":{"start":{"line":10,"column":38},"end":{"line":10,"column":52}},"type":"binary-expr","locations":[{"start":{"line":10,"column":38},"end":{"line":10,"column":55}},{"start":{"line":10,"column":38},"end":{"line":10,"column":52}}]}},"s":{"0":0,"1":0,"2":0,"3":0,"4":0,"5":0,"6":0,"7":0,"8":0,"9":0,"10":0,"11":0,"12":0,"13":0,"14":0,"15":0,"16":0,"17":0,"18":0,"19":0,"20":0,"21":0,"22":0,"23":0,"24":0,"25":0,"26":0,"27":0,"28":0,"29":0,"30":0,"31":0,"32":0,"33":0,"34":0,"35":0,"36":0,"37":0,"38":0,"39":0,"40":0,"41":0,"42":0,"43":0,"44":0,"45":0,"46":0,"47":0,"48":0,"49":0,"50":0,"51":0,"52":0,"53":0,"54":0,"55":0,"56":0,"57":0,"58":0,"59":0,"60":0,"61":0,"62":0,"63":0,"64":0,"65":0,"66":0,"67":0,"68":0,"69":0,"70":0,"71":0,"72":0,"73":0,"74":0,"75":0,"76":0,"77":0,"78":0,"79":0,"80":0,"81":0,"82":0,"83":0,"84":0},"f":{"0":0,"1":0,"2":0,"3":0,"4":0,"5":0,"6":0,"7":0,"8":0,"9":0,"10":0,"11":0,"12":0,"13":0,"14":0,"15":0,"16":0},"b":{"0":[0,0],"1":[0,0],"2":[0],"3":[0,0],"4":[0,0],"5":[0,0],"6":[0,0],"7":[0,0],"8":[0,0],"9":[0,0],"10":[0,0],"11":[0,0],"12":[0,0],"13":[0,0],"14":[0,0],"15":[0,0],"16":[0,0,0],"17":[0,0,0],"18":[0,0,0],"19":[0,0,0],"20":[0,0,0],"21":[0,0,0],"22":[0,0],"23":[0,0],"24":[0,0],"25":[0,0],"26":[0,0],"27":[0,0],"28":[0,0],"29":[0,0],"30":[0,0],"31":[0,0]}}
}
